<?xml version="1.0" encoding="UTF-8"?>
<!-- Generated by org.testng.reporters.JUnitXMLReporter -->
<testsuite ignored="0" hostname="DESKTOP-OJV5DL2" failures="0" tests="36" name="Safari Tests" time="0.074" errors="0" timestamp="2024-06-21T16:18:02 IST">
  <testcase classname="Tests.HomePageTest" name="@BeforeClass setUp" time="0.0">
    <failure type="java.lang.IllegalArgumentException" message="Safari is only supported on macOS.">
      <![CDATA[java.lang.IllegalArgumentException: Safari is only supported on macOS.
at Tests.HomePageTest.setUp(HomePageTest.java:50)
at java.base/java.util.ArrayList.forEach(ArrayList.java:1596)
... Removed 23 stack frames]]>
    </failure>
  </testcase> <!-- @BeforeClass setUp -->
  <testcase classname="Tests.HomePageTest" name="@AfterClass tearDown" time="-1.718966882593E9">
    <skipped/>
  </testcase> <!-- @AfterClass tearDown -->
  <testcase classname="Tests.HomePageTest" name="captureFirstPageScreenshot" time="0.0">
    <skipped/>
  </testcase> <!-- captureFirstPageScreenshot -->
  <testcase classname="Tests.HomePageTest" name="captureFirstPageScreenshot" time="0.0">
    <skipped/>
  </testcase> <!-- captureFirstPageScreenshot -->
  <testcase classname="Tests.HomePageTest" name="captureFirstPageScreenshot" time="0.0">
    <skipped/>
  </testcase> <!-- captureFirstPageScreenshot -->
  <testcase classname="Tests.HomePageTest" name="captureFirstPageScreenshot" time="0.0">
    <skipped/>
  </testcase> <!-- captureFirstPageScreenshot -->
  <testcase classname="Tests.HomePageTest" name="captureFirstPageScreenshot" time="0.0">
    <skipped/>
  </testcase> <!-- captureFirstPageScreenshot -->
  <testcase classname="Tests.HomePageTest" name="captureFirstPageScreenshot" time="0.0">
    <skipped/>
  </testcase> <!-- captureFirstPageScreenshot -->
  <testcase classname="Tests.HomePageTest" name="captureHomePageScreenshot" time="0.0">
    <skipped/>
  </testcase> <!-- captureHomePageScreenshot -->
  <testcase classname="Tests.HomePageTest" name="captureHomePageScreenshot" time="0.0">
    <skipped/>
  </testcase> <!-- captureHomePageScreenshot -->
  <testcase classname="Tests.HomePageTest" name="captureHomePageScreenshot" time="0.0">
    <skipped/>
  </testcase> <!-- captureHomePageScreenshot -->
  <testcase classname="Tests.HomePageTest" name="captureHomePageScreenshot" time="0.0">
    <skipped/>
  </testcase> <!-- captureHomePageScreenshot -->
  <testcase classname="Tests.HomePageTest" name="captureHomePageScreenshot" time="0.0">
    <skipped/>
  </testcase> <!-- captureHomePageScreenshot -->
  <testcase classname="Tests.HomePageTest" name="captureHomePageScreenshot" time="0.0">
    <skipped/>
  </testcase> <!-- captureHomePageScreenshot -->
  <testcase classname="Tests.HomePageTest" name="capturefifthPageScreenshot" time="0.0">
    <skipped/>
  </testcase> <!-- capturefifthPageScreenshot -->
  <testcase classname="Tests.HomePageTest" name="capturefifthPageScreenshot" time="0.0">
    <skipped/>
  </testcase> <!-- capturefifthPageScreenshot -->
  <testcase classname="Tests.HomePageTest" name="capturefifthPageScreenshot" time="0.0">
    <skipped/>
  </testcase> <!-- capturefifthPageScreenshot -->
  <testcase classname="Tests.HomePageTest" name="capturefifthPageScreenshot" time="0.0">
    <skipped/>
  </testcase> <!-- capturefifthPageScreenshot -->
  <testcase classname="Tests.HomePageTest" name="capturefifthPageScreenshot" time="0.0">
    <skipped/>
  </testcase> <!-- capturefifthPageScreenshot -->
  <testcase classname="Tests.HomePageTest" name="capturefifthPageScreenshot" time="0.0">
    <skipped/>
  </testcase> <!-- capturefifthPageScreenshot -->
  <testcase classname="Tests.HomePageTest" name="captureforthPageScreenshot" time="0.0">
    <skipped/>
  </testcase> <!-- captureforthPageScreenshot -->
  <testcase classname="Tests.HomePageTest" name="captureforthPageScreenshot" time="0.0">
    <skipped/>
  </testcase> <!-- captureforthPageScreenshot -->
  <testcase classname="Tests.HomePageTest" name="captureforthPageScreenshot" time="0.0">
    <skipped/>
  </testcase> <!-- captureforthPageScreenshot -->
  <testcase classname="Tests.HomePageTest" name="captureforthPageScreenshot" time="0.0">
    <skipped/>
  </testcase> <!-- captureforthPageScreenshot -->
  <testcase classname="Tests.HomePageTest" name="captureforthPageScreenshot" time="0.0">
    <skipped/>
  </testcase> <!-- captureforthPageScreenshot -->
  <testcase classname="Tests.HomePageTest" name="captureforthPageScreenshot" time="0.0">
    <skipped/>
  </testcase> <!-- captureforthPageScreenshot -->
  <testcase classname="Tests.HomePageTest" name="capturesecondPageScreenshot" time="0.0">
    <skipped/>
  </testcase> <!-- capturesecondPageScreenshot -->
  <testcase classname="Tests.HomePageTest" name="capturesecondPageScreenshot" time="0.0">
    <skipped/>
  </testcase> <!-- capturesecondPageScreenshot -->
  <testcase classname="Tests.HomePageTest" name="capturesecondPageScreenshot" time="0.0">
    <skipped/>
  </testcase> <!-- capturesecondPageScreenshot -->
  <testcase classname="Tests.HomePageTest" name="capturesecondPageScreenshot" time="0.0">
    <skipped/>
  </testcase> <!-- capturesecondPageScreenshot -->
  <testcase classname="Tests.HomePageTest" name="capturesecondPageScreenshot" time="0.0">
    <skipped/>
  </testcase> <!-- capturesecondPageScreenshot -->
  <testcase classname="Tests.HomePageTest" name="capturesecondPageScreenshot" time="0.0">
    <skipped/>
  </testcase> <!-- capturesecondPageScreenshot -->
  <testcase classname="Tests.HomePageTest" name="capturethirdPageScreenshot" time="0.0">
    <skipped/>
  </testcase> <!-- capturethirdPageScreenshot -->
  <testcase classname="Tests.HomePageTest" name="capturethirdPageScreenshot" time="0.0">
    <skipped/>
  </testcase> <!-- capturethirdPageScreenshot -->
  <testcase classname="Tests.HomePageTest" name="capturethirdPageScreenshot" time="0.0">
    <skipped/>
  </testcase> <!-- capturethirdPageScreenshot -->
  <testcase classname="Tests.HomePageTest" name="capturethirdPageScreenshot" time="0.0">
    <skipped/>
  </testcase> <!-- capturethirdPageScreenshot -->
  <testcase classname="Tests.HomePageTest" name="capturethirdPageScreenshot" time="0.0">
    <skipped/>
  </testcase> <!-- capturethirdPageScreenshot -->
  <testcase classname="Tests.HomePageTest" name="capturethirdPageScreenshot" time="0.0">
    <skipped/>
  </testcase> <!-- capturethirdPageScreenshot -->
</testsuite> <!-- Safari Tests -->
