<?xml version="1.0" encoding="UTF-8"?>
<testng-results ignored="0" total="108" passed="36" failed="36" skipped="36">
  <reporter-output>
  </reporter-output>
  <suite started-at="2024-06-21T16:11:39 IST" name="Suite" finished-at="2024-06-21T16:18:02 IST" duration-ms="383180">
    <groups>
    </groups>
    <test started-at="2024-06-21T16:11:39 IST" name="Chrome Tests" finished-at="2024-06-21T16:12:47 IST" duration-ms="68433">
      <class name="Tests.HomePageTest">
        <test-method is-config="true" signature="setUp(java.lang.String)[pri:0, instance:Tests.HomePageTest@74f0ea28]" started-at="2024-06-21T16:11:39 IST" name="setUp" finished-at="2024-06-21T16:11:42 IST" duration-ms="3514" status="PASS">
          <params>
            <param index="0">
              <value>
                <![CDATA[chrome]]>
              </value>
            </param>
          </params>
          <reporter-output>
          </reporter-output>
        </test-method> <!-- setUp -->
        <test-method signature="captureFirstPageScreenshot(int,int)[pri:0, instance:Tests.HomePageTest@74f0ea28]" started-at="2024-06-21T16:11:42 IST" name="captureFirstPageScreenshot" data-provider="resolutions" finished-at="2024-06-21T16:11:46 IST" duration-ms="3840" status="PASS">
          <params>
            <param index="0">
              <value>
                <![CDATA[1920]]>
              </value>
            </param>
            <param index="1">
              <value>
                <![CDATA[1080]]>
              </value>
            </param>
          </params>
          <reporter-output>
          </reporter-output>
        </test-method> <!-- captureFirstPageScreenshot -->
        <test-method signature="captureFirstPageScreenshot(int,int)[pri:0, instance:Tests.HomePageTest@74f0ea28]" started-at="2024-06-21T16:11:46 IST" name="captureFirstPageScreenshot" data-provider="resolutions" finished-at="2024-06-21T16:11:50 IST" duration-ms="3526" status="PASS">
          <params>
            <param index="0">
              <value>
                <![CDATA[1366]]>
              </value>
            </param>
            <param index="1">
              <value>
                <![CDATA[768]]>
              </value>
            </param>
          </params>
          <reporter-output>
          </reporter-output>
        </test-method> <!-- captureFirstPageScreenshot -->
        <test-method signature="captureFirstPageScreenshot(int,int)[pri:0, instance:Tests.HomePageTest@74f0ea28]" started-at="2024-06-21T16:11:50 IST" name="captureFirstPageScreenshot" data-provider="resolutions" finished-at="2024-06-21T16:11:52 IST" duration-ms="1931" status="PASS">
          <params>
            <param index="0">
              <value>
                <![CDATA[1536]]>
              </value>
            </param>
            <param index="1">
              <value>
                <![CDATA[864]]>
              </value>
            </param>
          </params>
          <reporter-output>
          </reporter-output>
        </test-method> <!-- captureFirstPageScreenshot -->
        <test-method signature="captureFirstPageScreenshot(int,int)[pri:0, instance:Tests.HomePageTest@74f0ea28]" started-at="2024-06-21T16:11:52 IST" name="captureFirstPageScreenshot" data-provider="resolutions" finished-at="2024-06-21T16:11:54 IST" duration-ms="2201" status="PASS">
          <params>
            <param index="0">
              <value>
                <![CDATA[360]]>
              </value>
            </param>
            <param index="1">
              <value>
                <![CDATA[640]]>
              </value>
            </param>
          </params>
          <reporter-output>
          </reporter-output>
        </test-method> <!-- captureFirstPageScreenshot -->
        <test-method signature="captureFirstPageScreenshot(int,int)[pri:0, instance:Tests.HomePageTest@74f0ea28]" started-at="2024-06-21T16:11:54 IST" name="captureFirstPageScreenshot" data-provider="resolutions" finished-at="2024-06-21T16:11:56 IST" duration-ms="2403" status="PASS">
          <params>
            <param index="0">
              <value>
                <![CDATA[414]]>
              </value>
            </param>
            <param index="1">
              <value>
                <![CDATA[896]]>
              </value>
            </param>
          </params>
          <reporter-output>
          </reporter-output>
        </test-method> <!-- captureFirstPageScreenshot -->
        <test-method signature="captureFirstPageScreenshot(int,int)[pri:0, instance:Tests.HomePageTest@74f0ea28]" started-at="2024-06-21T16:11:56 IST" name="captureFirstPageScreenshot" data-provider="resolutions" finished-at="2024-06-21T16:11:59 IST" duration-ms="2946" status="PASS">
          <params>
            <param index="0">
              <value>
                <![CDATA[375]]>
              </value>
            </param>
            <param index="1">
              <value>
                <![CDATA[667]]>
              </value>
            </param>
          </params>
          <reporter-output>
          </reporter-output>
        </test-method> <!-- captureFirstPageScreenshot -->
        <test-method signature="captureHomePageScreenshot(int,int)[pri:0, instance:Tests.HomePageTest@74f0ea28]" started-at="2024-06-21T16:11:59 IST" name="captureHomePageScreenshot" data-provider="resolutions" finished-at="2024-06-21T16:12:00 IST" duration-ms="864" status="PASS">
          <params>
            <param index="0">
              <value>
                <![CDATA[1920]]>
              </value>
            </param>
            <param index="1">
              <value>
                <![CDATA[1080]]>
              </value>
            </param>
          </params>
          <reporter-output>
          </reporter-output>
        </test-method> <!-- captureHomePageScreenshot -->
        <test-method signature="captureHomePageScreenshot(int,int)[pri:0, instance:Tests.HomePageTest@74f0ea28]" started-at="2024-06-21T16:12:00 IST" name="captureHomePageScreenshot" data-provider="resolutions" finished-at="2024-06-21T16:12:01 IST" duration-ms="583" status="PASS">
          <params>
            <param index="0">
              <value>
                <![CDATA[1366]]>
              </value>
            </param>
            <param index="1">
              <value>
                <![CDATA[768]]>
              </value>
            </param>
          </params>
          <reporter-output>
          </reporter-output>
        </test-method> <!-- captureHomePageScreenshot -->
        <test-method signature="captureHomePageScreenshot(int,int)[pri:0, instance:Tests.HomePageTest@74f0ea28]" started-at="2024-06-21T16:12:01 IST" name="captureHomePageScreenshot" data-provider="resolutions" finished-at="2024-06-21T16:12:01 IST" duration-ms="291" status="PASS">
          <params>
            <param index="0">
              <value>
                <![CDATA[1536]]>
              </value>
            </param>
            <param index="1">
              <value>
                <![CDATA[864]]>
              </value>
            </param>
          </params>
          <reporter-output>
          </reporter-output>
        </test-method> <!-- captureHomePageScreenshot -->
        <test-method signature="captureHomePageScreenshot(int,int)[pri:0, instance:Tests.HomePageTest@74f0ea28]" started-at="2024-06-21T16:12:01 IST" name="captureHomePageScreenshot" data-provider="resolutions" finished-at="2024-06-21T16:12:02 IST" duration-ms="467" status="PASS">
          <params>
            <param index="0">
              <value>
                <![CDATA[360]]>
              </value>
            </param>
            <param index="1">
              <value>
                <![CDATA[640]]>
              </value>
            </param>
          </params>
          <reporter-output>
          </reporter-output>
        </test-method> <!-- captureHomePageScreenshot -->
        <test-method signature="captureHomePageScreenshot(int,int)[pri:0, instance:Tests.HomePageTest@74f0ea28]" started-at="2024-06-21T16:12:02 IST" name="captureHomePageScreenshot" data-provider="resolutions" finished-at="2024-06-21T16:12:02 IST" duration-ms="464" status="PASS">
          <params>
            <param index="0">
              <value>
                <![CDATA[414]]>
              </value>
            </param>
            <param index="1">
              <value>
                <![CDATA[896]]>
              </value>
            </param>
          </params>
          <reporter-output>
          </reporter-output>
        </test-method> <!-- captureHomePageScreenshot -->
        <test-method signature="captureHomePageScreenshot(int,int)[pri:0, instance:Tests.HomePageTest@74f0ea28]" started-at="2024-06-21T16:12:02 IST" name="captureHomePageScreenshot" data-provider="resolutions" finished-at="2024-06-21T16:12:02 IST" duration-ms="466" status="PASS">
          <params>
            <param index="0">
              <value>
                <![CDATA[375]]>
              </value>
            </param>
            <param index="1">
              <value>
                <![CDATA[667]]>
              </value>
            </param>
          </params>
          <reporter-output>
          </reporter-output>
        </test-method> <!-- captureHomePageScreenshot -->
        <test-method signature="capturefifthPageScreenshot(int,int)[pri:0, instance:Tests.HomePageTest@74f0ea28]" started-at="2024-06-21T16:12:02 IST" name="capturefifthPageScreenshot" data-provider="resolutions" finished-at="2024-06-21T16:12:05 IST" duration-ms="2089" status="PASS">
          <params>
            <param index="0">
              <value>
                <![CDATA[1920]]>
              </value>
            </param>
            <param index="1">
              <value>
                <![CDATA[1080]]>
              </value>
            </param>
          </params>
          <reporter-output>
          </reporter-output>
        </test-method> <!-- capturefifthPageScreenshot -->
        <test-method signature="capturefifthPageScreenshot(int,int)[pri:0, instance:Tests.HomePageTest@74f0ea28]" started-at="2024-06-21T16:12:05 IST" name="capturefifthPageScreenshot" data-provider="resolutions" finished-at="2024-06-21T16:12:06 IST" duration-ms="1143" status="PASS">
          <params>
            <param index="0">
              <value>
                <![CDATA[1366]]>
              </value>
            </param>
            <param index="1">
              <value>
                <![CDATA[768]]>
              </value>
            </param>
          </params>
          <reporter-output>
          </reporter-output>
        </test-method> <!-- capturefifthPageScreenshot -->
        <test-method signature="capturefifthPageScreenshot(int,int)[pri:0, instance:Tests.HomePageTest@74f0ea28]" started-at="2024-06-21T16:12:06 IST" name="capturefifthPageScreenshot" data-provider="resolutions" finished-at="2024-06-21T16:12:07 IST" duration-ms="1070" status="PASS">
          <params>
            <param index="0">
              <value>
                <![CDATA[1536]]>
              </value>
            </param>
            <param index="1">
              <value>
                <![CDATA[864]]>
              </value>
            </param>
          </params>
          <reporter-output>
          </reporter-output>
        </test-method> <!-- capturefifthPageScreenshot -->
        <test-method signature="capturefifthPageScreenshot(int,int)[pri:0, instance:Tests.HomePageTest@74f0ea28]" started-at="2024-06-21T16:12:07 IST" name="capturefifthPageScreenshot" data-provider="resolutions" finished-at="2024-06-21T16:12:08 IST" duration-ms="1151" status="PASS">
          <params>
            <param index="0">
              <value>
                <![CDATA[360]]>
              </value>
            </param>
            <param index="1">
              <value>
                <![CDATA[640]]>
              </value>
            </param>
          </params>
          <reporter-output>
          </reporter-output>
        </test-method> <!-- capturefifthPageScreenshot -->
        <test-method signature="capturefifthPageScreenshot(int,int)[pri:0, instance:Tests.HomePageTest@74f0ea28]" started-at="2024-06-21T16:12:08 IST" name="capturefifthPageScreenshot" data-provider="resolutions" finished-at="2024-06-21T16:12:09 IST" duration-ms="1161" status="PASS">
          <params>
            <param index="0">
              <value>
                <![CDATA[414]]>
              </value>
            </param>
            <param index="1">
              <value>
                <![CDATA[896]]>
              </value>
            </param>
          </params>
          <reporter-output>
          </reporter-output>
        </test-method> <!-- capturefifthPageScreenshot -->
        <test-method signature="capturefifthPageScreenshot(int,int)[pri:0, instance:Tests.HomePageTest@74f0ea28]" started-at="2024-06-21T16:12:09 IST" name="capturefifthPageScreenshot" data-provider="resolutions" finished-at="2024-06-21T16:12:10 IST" duration-ms="1109" status="PASS">
          <params>
            <param index="0">
              <value>
                <![CDATA[375]]>
              </value>
            </param>
            <param index="1">
              <value>
                <![CDATA[667]]>
              </value>
            </param>
          </params>
          <reporter-output>
          </reporter-output>
        </test-method> <!-- capturefifthPageScreenshot -->
        <test-method signature="captureforthPageScreenshot(int,int)[pri:0, instance:Tests.HomePageTest@74f0ea28]" started-at="2024-06-21T16:12:10 IST" name="captureforthPageScreenshot" data-provider="resolutions" finished-at="2024-06-21T16:12:12 IST" duration-ms="1701" status="PASS">
          <params>
            <param index="0">
              <value>
                <![CDATA[1920]]>
              </value>
            </param>
            <param index="1">
              <value>
                <![CDATA[1080]]>
              </value>
            </param>
          </params>
          <reporter-output>
          </reporter-output>
        </test-method> <!-- captureforthPageScreenshot -->
        <test-method signature="captureforthPageScreenshot(int,int)[pri:0, instance:Tests.HomePageTest@74f0ea28]" started-at="2024-06-21T16:12:12 IST" name="captureforthPageScreenshot" data-provider="resolutions" finished-at="2024-06-21T16:12:13 IST" duration-ms="1112" status="PASS">
          <params>
            <param index="0">
              <value>
                <![CDATA[1366]]>
              </value>
            </param>
            <param index="1">
              <value>
                <![CDATA[768]]>
              </value>
            </param>
          </params>
          <reporter-output>
          </reporter-output>
        </test-method> <!-- captureforthPageScreenshot -->
        <test-method signature="captureforthPageScreenshot(int,int)[pri:0, instance:Tests.HomePageTest@74f0ea28]" started-at="2024-06-21T16:12:13 IST" name="captureforthPageScreenshot" data-provider="resolutions" finished-at="2024-06-21T16:12:14 IST" duration-ms="1049" status="PASS">
          <params>
            <param index="0">
              <value>
                <![CDATA[1536]]>
              </value>
            </param>
            <param index="1">
              <value>
                <![CDATA[864]]>
              </value>
            </param>
          </params>
          <reporter-output>
          </reporter-output>
        </test-method> <!-- captureforthPageScreenshot -->
        <test-method signature="captureforthPageScreenshot(int,int)[pri:0, instance:Tests.HomePageTest@74f0ea28]" started-at="2024-06-21T16:12:14 IST" name="captureforthPageScreenshot" data-provider="resolutions" finished-at="2024-06-21T16:12:15 IST" duration-ms="1052" status="PASS">
          <params>
            <param index="0">
              <value>
                <![CDATA[360]]>
              </value>
            </param>
            <param index="1">
              <value>
                <![CDATA[640]]>
              </value>
            </param>
          </params>
          <reporter-output>
          </reporter-output>
        </test-method> <!-- captureforthPageScreenshot -->
        <test-method signature="captureforthPageScreenshot(int,int)[pri:0, instance:Tests.HomePageTest@74f0ea28]" started-at="2024-06-21T16:12:15 IST" name="captureforthPageScreenshot" data-provider="resolutions" finished-at="2024-06-21T16:12:16 IST" duration-ms="1175" status="PASS">
          <params>
            <param index="0">
              <value>
                <![CDATA[414]]>
              </value>
            </param>
            <param index="1">
              <value>
                <![CDATA[896]]>
              </value>
            </param>
          </params>
          <reporter-output>
          </reporter-output>
        </test-method> <!-- captureforthPageScreenshot -->
        <test-method signature="captureforthPageScreenshot(int,int)[pri:0, instance:Tests.HomePageTest@74f0ea28]" started-at="2024-06-21T16:12:16 IST" name="captureforthPageScreenshot" data-provider="resolutions" finished-at="2024-06-21T16:12:18 IST" duration-ms="1205" status="PASS">
          <params>
            <param index="0">
              <value>
                <![CDATA[375]]>
              </value>
            </param>
            <param index="1">
              <value>
                <![CDATA[667]]>
              </value>
            </param>
          </params>
          <reporter-output>
          </reporter-output>
        </test-method> <!-- captureforthPageScreenshot -->
        <test-method signature="capturesecondPageScreenshot(int,int)[pri:0, instance:Tests.HomePageTest@74f0ea28]" started-at="2024-06-21T16:12:18 IST" name="capturesecondPageScreenshot" data-provider="resolutions" finished-at="2024-06-21T16:12:21 IST" duration-ms="3905" status="PASS">
          <params>
            <param index="0">
              <value>
                <![CDATA[1920]]>
              </value>
            </param>
            <param index="1">
              <value>
                <![CDATA[1080]]>
              </value>
            </param>
          </params>
          <reporter-output>
          </reporter-output>
        </test-method> <!-- capturesecondPageScreenshot -->
        <test-method signature="capturesecondPageScreenshot(int,int)[pri:0, instance:Tests.HomePageTest@74f0ea28]" started-at="2024-06-21T16:12:21 IST" name="capturesecondPageScreenshot" data-provider="resolutions" finished-at="2024-06-21T16:12:25 IST" duration-ms="3743" status="PASS">
          <params>
            <param index="0">
              <value>
                <![CDATA[1366]]>
              </value>
            </param>
            <param index="1">
              <value>
                <![CDATA[768]]>
              </value>
            </param>
          </params>
          <reporter-output>
          </reporter-output>
        </test-method> <!-- capturesecondPageScreenshot -->
        <test-method signature="capturesecondPageScreenshot(int,int)[pri:0, instance:Tests.HomePageTest@74f0ea28]" started-at="2024-06-21T16:12:25 IST" name="capturesecondPageScreenshot" data-provider="resolutions" finished-at="2024-06-21T16:12:29 IST" duration-ms="3389" status="PASS">
          <params>
            <param index="0">
              <value>
                <![CDATA[1536]]>
              </value>
            </param>
            <param index="1">
              <value>
                <![CDATA[864]]>
              </value>
            </param>
          </params>
          <reporter-output>
          </reporter-output>
        </test-method> <!-- capturesecondPageScreenshot -->
        <test-method signature="capturesecondPageScreenshot(int,int)[pri:0, instance:Tests.HomePageTest@74f0ea28]" started-at="2024-06-21T16:12:29 IST" name="capturesecondPageScreenshot" data-provider="resolutions" finished-at="2024-06-21T16:12:32 IST" duration-ms="3212" status="PASS">
          <params>
            <param index="0">
              <value>
                <![CDATA[360]]>
              </value>
            </param>
            <param index="1">
              <value>
                <![CDATA[640]]>
              </value>
            </param>
          </params>
          <reporter-output>
          </reporter-output>
        </test-method> <!-- capturesecondPageScreenshot -->
        <test-method signature="capturesecondPageScreenshot(int,int)[pri:0, instance:Tests.HomePageTest@74f0ea28]" started-at="2024-06-21T16:12:32 IST" name="capturesecondPageScreenshot" data-provider="resolutions" finished-at="2024-06-21T16:12:35 IST" duration-ms="3351" status="PASS">
          <params>
            <param index="0">
              <value>
                <![CDATA[414]]>
              </value>
            </param>
            <param index="1">
              <value>
                <![CDATA[896]]>
              </value>
            </param>
          </params>
          <reporter-output>
          </reporter-output>
        </test-method> <!-- capturesecondPageScreenshot -->
        <test-method signature="capturesecondPageScreenshot(int,int)[pri:0, instance:Tests.HomePageTest@74f0ea28]" started-at="2024-06-21T16:12:35 IST" name="capturesecondPageScreenshot" data-provider="resolutions" finished-at="2024-06-21T16:12:38 IST" duration-ms="3245" status="PASS">
          <params>
            <param index="0">
              <value>
                <![CDATA[375]]>
              </value>
            </param>
            <param index="1">
              <value>
                <![CDATA[667]]>
              </value>
            </param>
          </params>
          <reporter-output>
          </reporter-output>
        </test-method> <!-- capturesecondPageScreenshot -->
        <test-method signature="capturethirdPageScreenshot(int,int)[pri:0, instance:Tests.HomePageTest@74f0ea28]" started-at="2024-06-21T16:12:38 IST" name="capturethirdPageScreenshot" data-provider="resolutions" finished-at="2024-06-21T16:12:41 IST" duration-ms="2258" status="PASS">
          <params>
            <param index="0">
              <value>
                <![CDATA[1920]]>
              </value>
            </param>
            <param index="1">
              <value>
                <![CDATA[1080]]>
              </value>
            </param>
          </params>
          <reporter-output>
          </reporter-output>
        </test-method> <!-- capturethirdPageScreenshot -->
        <test-method signature="capturethirdPageScreenshot(int,int)[pri:0, instance:Tests.HomePageTest@74f0ea28]" started-at="2024-06-21T16:12:41 IST" name="capturethirdPageScreenshot" data-provider="resolutions" finished-at="2024-06-21T16:12:42 IST" duration-ms="1304" status="PASS">
          <params>
            <param index="0">
              <value>
                <![CDATA[1366]]>
              </value>
            </param>
            <param index="1">
              <value>
                <![CDATA[768]]>
              </value>
            </param>
          </params>
          <reporter-output>
          </reporter-output>
        </test-method> <!-- capturethirdPageScreenshot -->
        <test-method signature="capturethirdPageScreenshot(int,int)[pri:0, instance:Tests.HomePageTest@74f0ea28]" started-at="2024-06-21T16:12:42 IST" name="capturethirdPageScreenshot" data-provider="resolutions" finished-at="2024-06-21T16:12:43 IST" duration-ms="1191" status="PASS">
          <params>
            <param index="0">
              <value>
                <![CDATA[1536]]>
              </value>
            </param>
            <param index="1">
              <value>
                <![CDATA[864]]>
              </value>
            </param>
          </params>
          <reporter-output>
          </reporter-output>
        </test-method> <!-- capturethirdPageScreenshot -->
        <test-method signature="capturethirdPageScreenshot(int,int)[pri:0, instance:Tests.HomePageTest@74f0ea28]" started-at="2024-06-21T16:12:43 IST" name="capturethirdPageScreenshot" data-provider="resolutions" finished-at="2024-06-21T16:12:44 IST" duration-ms="1252" status="PASS">
          <params>
            <param index="0">
              <value>
                <![CDATA[360]]>
              </value>
            </param>
            <param index="1">
              <value>
                <![CDATA[640]]>
              </value>
            </param>
          </params>
          <reporter-output>
          </reporter-output>
        </test-method> <!-- capturethirdPageScreenshot -->
        <test-method signature="capturethirdPageScreenshot(int,int)[pri:0, instance:Tests.HomePageTest@74f0ea28]" started-at="2024-06-21T16:12:44 IST" name="capturethirdPageScreenshot" data-provider="resolutions" finished-at="2024-06-21T16:12:46 IST" duration-ms="1247" status="PASS">
          <params>
            <param index="0">
              <value>
                <![CDATA[414]]>
              </value>
            </param>
            <param index="1">
              <value>
                <![CDATA[896]]>
              </value>
            </param>
          </params>
          <reporter-output>
          </reporter-output>
        </test-method> <!-- capturethirdPageScreenshot -->
        <test-method signature="capturethirdPageScreenshot(int,int)[pri:0, instance:Tests.HomePageTest@74f0ea28]" started-at="2024-06-21T16:12:46 IST" name="capturethirdPageScreenshot" data-provider="resolutions" finished-at="2024-06-21T16:12:47 IST" duration-ms="1254" status="PASS">
          <params>
            <param index="0">
              <value>
                <![CDATA[375]]>
              </value>
            </param>
            <param index="1">
              <value>
                <![CDATA[667]]>
              </value>
            </param>
          </params>
          <reporter-output>
          </reporter-output>
        </test-method> <!-- capturethirdPageScreenshot -->
        <test-method is-config="true" signature="tearDown()[pri:0, instance:Tests.HomePageTest@74f0ea28]" started-at="2024-06-21T16:12:47 IST" name="tearDown" finished-at="2024-06-21T16:12:47 IST" duration-ms="419" status="PASS">
          <reporter-output>
          </reporter-output>
        </test-method> <!-- tearDown -->
      </class> <!-- Tests.HomePageTest -->
    </test> <!-- Chrome Tests -->
    <test started-at="2024-06-21T16:12:47 IST" name="Firefox Tests" finished-at="2024-06-21T16:18:02 IST" duration-ms="314482">
      <class name="Tests.HomePageTest">
        <test-method is-config="true" signature="setUp(java.lang.String)[pri:0, instance:Tests.HomePageTest@30c15d8b]" started-at="2024-06-21T16:12:47 IST" name="setUp" finished-at="2024-06-21T16:12:55 IST" duration-ms="7379" status="PASS">
          <params>
            <param index="0">
              <value>
                <![CDATA[firefox]]>
              </value>
            </param>
          </params>
          <reporter-output>
          </reporter-output>
        </test-method> <!-- setUp -->
        <test-method signature="captureFirstPageScreenshot(int,int)[pri:0, instance:Tests.HomePageTest@30c15d8b]" started-at="2024-06-21T16:12:55 IST" name="captureFirstPageScreenshot" data-provider="resolutions" finished-at="2024-06-21T16:13:00 IST" duration-ms="5089" status="FAIL">
          <params>
            <param index="0">
              <value>
                <![CDATA[1920]]>
              </value>
            </param>
            <param index="1">
              <value>
                <![CDATA[1080]]>
              </value>
            </param>
          </params>
          <exception class="java.nio.file.FileAlreadyExistsException">
            <message>
              <![CDATA[screenshots\FirstPage_1920x1080.png]]>
            </message>
            <full-stacktrace>
              <![CDATA[java.nio.file.FileAlreadyExistsException: screenshots\FirstPage_1920x1080.png
at java.base/sun.nio.fs.WindowsFileCopy.copy(WindowsFileCopy.java:133)
at java.base/sun.nio.fs.WindowsFileSystemProvider.copy(WindowsFileSystemProvider.java:282)
at java.base/java.nio.file.Files.copy(Files.java:1304)
at Tests.HomePageTest.captureScreenshot(HomePageTest.java:123)
at Tests.HomePageTest.captureFirstPageScreenshot(HomePageTest.java:81)
at java.base/jdk.internal.reflect.DirectMethodHandleAccessor.invoke(DirectMethodHandleAccessor.java:103)
at java.base/java.lang.reflect.Method.invoke(Method.java:580)
at org.testng.internal.MethodInvocationHelper.invokeMethod(MethodInvocationHelper.java:133)
at org.testng.internal.TestInvoker.invokeMethod(TestInvoker.java:598)
at org.testng.internal.TestInvoker.invokeTestMethod(TestInvoker.java:173)
at org.testng.internal.MethodRunner.runInSequence(MethodRunner.java:46)
at org.testng.internal.TestInvoker$MethodInvocationAgent.invoke(TestInvoker.java:824)
at org.testng.internal.TestInvoker.invokeTestMethods(TestInvoker.java:146)
at org.testng.internal.TestMethodWorker.invokeTestMethods(TestMethodWorker.java:146)
at org.testng.internal.TestMethodWorker.run(TestMethodWorker.java:128)
at java.base/java.util.ArrayList.forEach(ArrayList.java:1596)
at org.testng.TestRunner.privateRun(TestRunner.java:794)
at org.testng.TestRunner.run(TestRunner.java:596)
at org.testng.SuiteRunner.runTest(SuiteRunner.java:377)
at org.testng.SuiteRunner.runSequentially(SuiteRunner.java:371)
at org.testng.SuiteRunner.privateRun(SuiteRunner.java:332)
at org.testng.SuiteRunner.run(SuiteRunner.java:276)
at org.testng.SuiteRunnerWorker.runSuite(SuiteRunnerWorker.java:53)
at org.testng.SuiteRunnerWorker.run(SuiteRunnerWorker.java:96)
at org.testng.TestNG.runSuitesSequentially(TestNG.java:1212)
at org.testng.TestNG.runSuitesLocally(TestNG.java:1134)
at org.testng.TestNG.runSuites(TestNG.java:1063)
at org.testng.TestNG.run(TestNG.java:1031)
at org.testng.remote.AbstractRemoteTestNG.run(AbstractRemoteTestNG.java:115)
at org.testng.remote.RemoteTestNG.initAndRun(RemoteTestNG.java:293)
at org.testng.remote.RemoteTestNG.main(RemoteTestNG.java:91)
]]>
            </full-stacktrace>
          </exception> <!-- java.nio.file.FileAlreadyExistsException -->
          <reporter-output>
          </reporter-output>
        </test-method> <!-- captureFirstPageScreenshot -->
        <test-method signature="captureFirstPageScreenshot(int,int)[pri:0, instance:Tests.HomePageTest@30c15d8b]" started-at="2024-06-21T16:13:00 IST" name="captureFirstPageScreenshot" data-provider="resolutions" finished-at="2024-06-21T16:13:10 IST" duration-ms="10354" status="FAIL">
          <params>
            <param index="0">
              <value>
                <![CDATA[1366]]>
              </value>
            </param>
            <param index="1">
              <value>
                <![CDATA[768]]>
              </value>
            </param>
          </params>
          <exception class="org.openqa.selenium.TimeoutException">
            <message>
              <![CDATA[Expected condition failed: waiting for visibility of element located by By.xpath: //a[normalize-space()='https://www.getcalley.com/'] (tried for 10 second(s) with 500 milliseconds interval)
Build info: version: '4.19.1', revision: 'abe0ee07dc'
System info: os.name: 'Windows 11', os.arch: 'amd64', os.version: '10.0', java.version: '21.0.2'
Driver info: org.openqa.selenium.firefox.FirefoxDriver
Capabilities {acceptInsecureCerts: true, browserName: firefox, browserVersion: 125.0.3, moz:accessibilityChecks: false, moz:buildID: 20240425211020, moz:debuggerAddress: 127.0.0.1:22516, moz:geckodriverVersion: 0.34.0, moz:headless: false, moz:platformVersion: 10.0, moz:processID: 1700, moz:profile: C:\Users\DELL\AppData\Local..., moz:shutdownTimeout: 60000, moz:webdriverClick: true, moz:windowless: false, pageLoadStrategy: normal, platformName: windows, proxy: Proxy(), se:cdp: ws://127.0.0.1:22516/devtoo..., se:cdpVersion: 85.0, setWindowRect: true, strictFileInteractability: false, timeouts: {implicit: 0, pageLoad: 300000, script: 30000}, unhandledPromptBehavior: dismiss and notify, userAgent: Mozilla/5.0 (Windows NT 10....}
Session ID: f177db9c-4861-430c-ac95-57028b61a63e]]>
            </message>
            <full-stacktrace>
              <![CDATA[org.openqa.selenium.TimeoutException: Expected condition failed: waiting for visibility of element located by By.xpath: //a[normalize-space()='https://www.getcalley.com/'] (tried for 10 second(s) with 500 milliseconds interval)
Build info: version: '4.19.1', revision: 'abe0ee07dc'
System info: os.name: 'Windows 11', os.arch: 'amd64', os.version: '10.0', java.version: '21.0.2'
Driver info: org.openqa.selenium.firefox.FirefoxDriver
Capabilities {acceptInsecureCerts: true, browserName: firefox, browserVersion: 125.0.3, moz:accessibilityChecks: false, moz:buildID: 20240425211020, moz:debuggerAddress: 127.0.0.1:22516, moz:geckodriverVersion: 0.34.0, moz:headless: false, moz:platformVersion: 10.0, moz:processID: 1700, moz:profile: C:\Users\DELL\AppData\Local..., moz:shutdownTimeout: 60000, moz:webdriverClick: true, moz:windowless: false, pageLoadStrategy: normal, platformName: windows, proxy: Proxy(), se:cdp: ws://127.0.0.1:22516/devtoo..., se:cdpVersion: 85.0, setWindowRect: true, strictFileInteractability: false, timeouts: {implicit: 0, pageLoad: 300000, script: 30000}, unhandledPromptBehavior: dismiss and notify, userAgent: Mozilla/5.0 (Windows NT 10....}
Session ID: f177db9c-4861-430c-ac95-57028b61a63e
at org.openqa.selenium.support.ui.WebDriverWait.timeoutException(WebDriverWait.java:84)
at org.openqa.selenium.support.ui.FluentWait.until(FluentWait.java:228)
at Pages.HomePage.clickFirstLink(HomePage.java:22)
at Tests.HomePageTest.captureFirstPageScreenshot(HomePageTest.java:80)
at java.base/jdk.internal.reflect.DirectMethodHandleAccessor.invoke(DirectMethodHandleAccessor.java:103)
at java.base/java.lang.reflect.Method.invoke(Method.java:580)
at org.testng.internal.MethodInvocationHelper.invokeMethod(MethodInvocationHelper.java:133)
at org.testng.internal.TestInvoker.invokeMethod(TestInvoker.java:598)
at org.testng.internal.TestInvoker.invokeTestMethod(TestInvoker.java:173)
at org.testng.internal.MethodRunner.runInSequence(MethodRunner.java:46)
at org.testng.internal.TestInvoker$MethodInvocationAgent.invoke(TestInvoker.java:824)
at org.testng.internal.TestInvoker.invokeTestMethods(TestInvoker.java:146)
at org.testng.internal.TestMethodWorker.invokeTestMethods(TestMethodWorker.java:146)
at org.testng.internal.TestMethodWorker.run(TestMethodWorker.java:128)
at java.base/java.util.ArrayList.forEach(ArrayList.java:1596)
at org.testng.TestRunner.privateRun(TestRunner.java:794)
at org.testng.TestRunner.run(TestRunner.java:596)
at org.testng.SuiteRunner.runTest(SuiteRunner.java:377)
at org.testng.SuiteRunner.runSequentially(SuiteRunner.java:371)
at org.testng.SuiteRunner.privateRun(SuiteRunner.java:332)
at org.testng.SuiteRunner.run(SuiteRunner.java:276)
at org.testng.SuiteRunnerWorker.runSuite(SuiteRunnerWorker.java:53)
at org.testng.SuiteRunnerWorker.run(SuiteRunnerWorker.java:96)
at org.testng.TestNG.runSuitesSequentially(TestNG.java:1212)
at org.testng.TestNG.runSuitesLocally(TestNG.java:1134)
at org.testng.TestNG.runSuites(TestNG.java:1063)
at org.testng.TestNG.run(TestNG.java:1031)
at org.testng.remote.AbstractRemoteTestNG.run(AbstractRemoteTestNG.java:115)
at org.testng.remote.RemoteTestNG.initAndRun(RemoteTestNG.java:293)
at org.testng.remote.RemoteTestNG.main(RemoteTestNG.java:91)
]]>
            </full-stacktrace>
          </exception> <!-- org.openqa.selenium.TimeoutException -->
          <reporter-output>
          </reporter-output>
        </test-method> <!-- captureFirstPageScreenshot -->
        <test-method signature="captureFirstPageScreenshot(int,int)[pri:0, instance:Tests.HomePageTest@30c15d8b]" started-at="2024-06-21T16:13:10 IST" name="captureFirstPageScreenshot" data-provider="resolutions" finished-at="2024-06-21T16:13:21 IST" duration-ms="10279" status="FAIL">
          <params>
            <param index="0">
              <value>
                <![CDATA[1536]]>
              </value>
            </param>
            <param index="1">
              <value>
                <![CDATA[864]]>
              </value>
            </param>
          </params>
          <exception class="org.openqa.selenium.TimeoutException">
            <message>
              <![CDATA[Expected condition failed: waiting for visibility of element located by By.xpath: //a[normalize-space()='https://www.getcalley.com/'] (tried for 10 second(s) with 500 milliseconds interval)
Build info: version: '4.19.1', revision: 'abe0ee07dc'
System info: os.name: 'Windows 11', os.arch: 'amd64', os.version: '10.0', java.version: '21.0.2'
Driver info: org.openqa.selenium.firefox.FirefoxDriver
Capabilities {acceptInsecureCerts: true, browserName: firefox, browserVersion: 125.0.3, moz:accessibilityChecks: false, moz:buildID: 20240425211020, moz:debuggerAddress: 127.0.0.1:22516, moz:geckodriverVersion: 0.34.0, moz:headless: false, moz:platformVersion: 10.0, moz:processID: 1700, moz:profile: C:\Users\DELL\AppData\Local..., moz:shutdownTimeout: 60000, moz:webdriverClick: true, moz:windowless: false, pageLoadStrategy: normal, platformName: windows, proxy: Proxy(), se:cdp: ws://127.0.0.1:22516/devtoo..., se:cdpVersion: 85.0, setWindowRect: true, strictFileInteractability: false, timeouts: {implicit: 0, pageLoad: 300000, script: 30000}, unhandledPromptBehavior: dismiss and notify, userAgent: Mozilla/5.0 (Windows NT 10....}
Session ID: f177db9c-4861-430c-ac95-57028b61a63e]]>
            </message>
            <full-stacktrace>
              <![CDATA[org.openqa.selenium.TimeoutException: Expected condition failed: waiting for visibility of element located by By.xpath: //a[normalize-space()='https://www.getcalley.com/'] (tried for 10 second(s) with 500 milliseconds interval)
Build info: version: '4.19.1', revision: 'abe0ee07dc'
System info: os.name: 'Windows 11', os.arch: 'amd64', os.version: '10.0', java.version: '21.0.2'
Driver info: org.openqa.selenium.firefox.FirefoxDriver
Capabilities {acceptInsecureCerts: true, browserName: firefox, browserVersion: 125.0.3, moz:accessibilityChecks: false, moz:buildID: 20240425211020, moz:debuggerAddress: 127.0.0.1:22516, moz:geckodriverVersion: 0.34.0, moz:headless: false, moz:platformVersion: 10.0, moz:processID: 1700, moz:profile: C:\Users\DELL\AppData\Local..., moz:shutdownTimeout: 60000, moz:webdriverClick: true, moz:windowless: false, pageLoadStrategy: normal, platformName: windows, proxy: Proxy(), se:cdp: ws://127.0.0.1:22516/devtoo..., se:cdpVersion: 85.0, setWindowRect: true, strictFileInteractability: false, timeouts: {implicit: 0, pageLoad: 300000, script: 30000}, unhandledPromptBehavior: dismiss and notify, userAgent: Mozilla/5.0 (Windows NT 10....}
Session ID: f177db9c-4861-430c-ac95-57028b61a63e
at org.openqa.selenium.support.ui.WebDriverWait.timeoutException(WebDriverWait.java:84)
at org.openqa.selenium.support.ui.FluentWait.until(FluentWait.java:228)
at Pages.HomePage.clickFirstLink(HomePage.java:22)
at Tests.HomePageTest.captureFirstPageScreenshot(HomePageTest.java:80)
at java.base/jdk.internal.reflect.DirectMethodHandleAccessor.invoke(DirectMethodHandleAccessor.java:103)
at java.base/java.lang.reflect.Method.invoke(Method.java:580)
at org.testng.internal.MethodInvocationHelper.invokeMethod(MethodInvocationHelper.java:133)
at org.testng.internal.TestInvoker.invokeMethod(TestInvoker.java:598)
at org.testng.internal.TestInvoker.invokeTestMethod(TestInvoker.java:173)
at org.testng.internal.MethodRunner.runInSequence(MethodRunner.java:46)
at org.testng.internal.TestInvoker$MethodInvocationAgent.invoke(TestInvoker.java:824)
at org.testng.internal.TestInvoker.invokeTestMethods(TestInvoker.java:146)
at org.testng.internal.TestMethodWorker.invokeTestMethods(TestMethodWorker.java:146)
at org.testng.internal.TestMethodWorker.run(TestMethodWorker.java:128)
at java.base/java.util.ArrayList.forEach(ArrayList.java:1596)
at org.testng.TestRunner.privateRun(TestRunner.java:794)
at org.testng.TestRunner.run(TestRunner.java:596)
at org.testng.SuiteRunner.runTest(SuiteRunner.java:377)
at org.testng.SuiteRunner.runSequentially(SuiteRunner.java:371)
at org.testng.SuiteRunner.privateRun(SuiteRunner.java:332)
at org.testng.SuiteRunner.run(SuiteRunner.java:276)
at org.testng.SuiteRunnerWorker.runSuite(SuiteRunnerWorker.java:53)
at org.testng.SuiteRunnerWorker.run(SuiteRunnerWorker.java:96)
at org.testng.TestNG.runSuitesSequentially(TestNG.java:1212)
at org.testng.TestNG.runSuitesLocally(TestNG.java:1134)
at org.testng.TestNG.runSuites(TestNG.java:1063)
at org.testng.TestNG.run(TestNG.java:1031)
at org.testng.remote.AbstractRemoteTestNG.run(AbstractRemoteTestNG.java:115)
at org.testng.remote.RemoteTestNG.initAndRun(RemoteTestNG.java:293)
at org.testng.remote.RemoteTestNG.main(RemoteTestNG.java:91)
]]>
            </full-stacktrace>
          </exception> <!-- org.openqa.selenium.TimeoutException -->
          <reporter-output>
          </reporter-output>
        </test-method> <!-- captureFirstPageScreenshot -->
        <test-method signature="captureFirstPageScreenshot(int,int)[pri:0, instance:Tests.HomePageTest@30c15d8b]" started-at="2024-06-21T16:13:21 IST" name="captureFirstPageScreenshot" data-provider="resolutions" finished-at="2024-06-21T16:13:31 IST" duration-ms="10307" status="FAIL">
          <params>
            <param index="0">
              <value>
                <![CDATA[360]]>
              </value>
            </param>
            <param index="1">
              <value>
                <![CDATA[640]]>
              </value>
            </param>
          </params>
          <exception class="org.openqa.selenium.TimeoutException">
            <message>
              <![CDATA[Expected condition failed: waiting for visibility of element located by By.xpath: //a[normalize-space()='https://www.getcalley.com/'] (tried for 10 second(s) with 500 milliseconds interval)
Build info: version: '4.19.1', revision: 'abe0ee07dc'
System info: os.name: 'Windows 11', os.arch: 'amd64', os.version: '10.0', java.version: '21.0.2'
Driver info: org.openqa.selenium.firefox.FirefoxDriver
Capabilities {acceptInsecureCerts: true, browserName: firefox, browserVersion: 125.0.3, moz:accessibilityChecks: false, moz:buildID: 20240425211020, moz:debuggerAddress: 127.0.0.1:22516, moz:geckodriverVersion: 0.34.0, moz:headless: false, moz:platformVersion: 10.0, moz:processID: 1700, moz:profile: C:\Users\DELL\AppData\Local..., moz:shutdownTimeout: 60000, moz:webdriverClick: true, moz:windowless: false, pageLoadStrategy: normal, platformName: windows, proxy: Proxy(), se:cdp: ws://127.0.0.1:22516/devtoo..., se:cdpVersion: 85.0, setWindowRect: true, strictFileInteractability: false, timeouts: {implicit: 0, pageLoad: 300000, script: 30000}, unhandledPromptBehavior: dismiss and notify, userAgent: Mozilla/5.0 (Windows NT 10....}
Session ID: f177db9c-4861-430c-ac95-57028b61a63e]]>
            </message>
            <full-stacktrace>
              <![CDATA[org.openqa.selenium.TimeoutException: Expected condition failed: waiting for visibility of element located by By.xpath: //a[normalize-space()='https://www.getcalley.com/'] (tried for 10 second(s) with 500 milliseconds interval)
Build info: version: '4.19.1', revision: 'abe0ee07dc'
System info: os.name: 'Windows 11', os.arch: 'amd64', os.version: '10.0', java.version: '21.0.2'
Driver info: org.openqa.selenium.firefox.FirefoxDriver
Capabilities {acceptInsecureCerts: true, browserName: firefox, browserVersion: 125.0.3, moz:accessibilityChecks: false, moz:buildID: 20240425211020, moz:debuggerAddress: 127.0.0.1:22516, moz:geckodriverVersion: 0.34.0, moz:headless: false, moz:platformVersion: 10.0, moz:processID: 1700, moz:profile: C:\Users\DELL\AppData\Local..., moz:shutdownTimeout: 60000, moz:webdriverClick: true, moz:windowless: false, pageLoadStrategy: normal, platformName: windows, proxy: Proxy(), se:cdp: ws://127.0.0.1:22516/devtoo..., se:cdpVersion: 85.0, setWindowRect: true, strictFileInteractability: false, timeouts: {implicit: 0, pageLoad: 300000, script: 30000}, unhandledPromptBehavior: dismiss and notify, userAgent: Mozilla/5.0 (Windows NT 10....}
Session ID: f177db9c-4861-430c-ac95-57028b61a63e
at org.openqa.selenium.support.ui.WebDriverWait.timeoutException(WebDriverWait.java:84)
at org.openqa.selenium.support.ui.FluentWait.until(FluentWait.java:228)
at Pages.HomePage.clickFirstLink(HomePage.java:22)
at Tests.HomePageTest.captureFirstPageScreenshot(HomePageTest.java:80)
at java.base/jdk.internal.reflect.DirectMethodHandleAccessor.invoke(DirectMethodHandleAccessor.java:103)
at java.base/java.lang.reflect.Method.invoke(Method.java:580)
at org.testng.internal.MethodInvocationHelper.invokeMethod(MethodInvocationHelper.java:133)
at org.testng.internal.TestInvoker.invokeMethod(TestInvoker.java:598)
at org.testng.internal.TestInvoker.invokeTestMethod(TestInvoker.java:173)
at org.testng.internal.MethodRunner.runInSequence(MethodRunner.java:46)
at org.testng.internal.TestInvoker$MethodInvocationAgent.invoke(TestInvoker.java:824)
at org.testng.internal.TestInvoker.invokeTestMethods(TestInvoker.java:146)
at org.testng.internal.TestMethodWorker.invokeTestMethods(TestMethodWorker.java:146)
at org.testng.internal.TestMethodWorker.run(TestMethodWorker.java:128)
at java.base/java.util.ArrayList.forEach(ArrayList.java:1596)
at org.testng.TestRunner.privateRun(TestRunner.java:794)
at org.testng.TestRunner.run(TestRunner.java:596)
at org.testng.SuiteRunner.runTest(SuiteRunner.java:377)
at org.testng.SuiteRunner.runSequentially(SuiteRunner.java:371)
at org.testng.SuiteRunner.privateRun(SuiteRunner.java:332)
at org.testng.SuiteRunner.run(SuiteRunner.java:276)
at org.testng.SuiteRunnerWorker.runSuite(SuiteRunnerWorker.java:53)
at org.testng.SuiteRunnerWorker.run(SuiteRunnerWorker.java:96)
at org.testng.TestNG.runSuitesSequentially(TestNG.java:1212)
at org.testng.TestNG.runSuitesLocally(TestNG.java:1134)
at org.testng.TestNG.runSuites(TestNG.java:1063)
at org.testng.TestNG.run(TestNG.java:1031)
at org.testng.remote.AbstractRemoteTestNG.run(AbstractRemoteTestNG.java:115)
at org.testng.remote.RemoteTestNG.initAndRun(RemoteTestNG.java:293)
at org.testng.remote.RemoteTestNG.main(RemoteTestNG.java:91)
]]>
            </full-stacktrace>
          </exception> <!-- org.openqa.selenium.TimeoutException -->
          <reporter-output>
          </reporter-output>
        </test-method> <!-- captureFirstPageScreenshot -->
        <test-method signature="captureFirstPageScreenshot(int,int)[pri:0, instance:Tests.HomePageTest@30c15d8b]" started-at="2024-06-21T16:13:31 IST" name="captureFirstPageScreenshot" data-provider="resolutions" finished-at="2024-06-21T16:13:41 IST" duration-ms="10298" status="FAIL">
          <params>
            <param index="0">
              <value>
                <![CDATA[414]]>
              </value>
            </param>
            <param index="1">
              <value>
                <![CDATA[896]]>
              </value>
            </param>
          </params>
          <exception class="org.openqa.selenium.TimeoutException">
            <message>
              <![CDATA[Expected condition failed: waiting for visibility of element located by By.xpath: //a[normalize-space()='https://www.getcalley.com/'] (tried for 10 second(s) with 500 milliseconds interval)
Build info: version: '4.19.1', revision: 'abe0ee07dc'
System info: os.name: 'Windows 11', os.arch: 'amd64', os.version: '10.0', java.version: '21.0.2'
Driver info: org.openqa.selenium.firefox.FirefoxDriver
Capabilities {acceptInsecureCerts: true, browserName: firefox, browserVersion: 125.0.3, moz:accessibilityChecks: false, moz:buildID: 20240425211020, moz:debuggerAddress: 127.0.0.1:22516, moz:geckodriverVersion: 0.34.0, moz:headless: false, moz:platformVersion: 10.0, moz:processID: 1700, moz:profile: C:\Users\DELL\AppData\Local..., moz:shutdownTimeout: 60000, moz:webdriverClick: true, moz:windowless: false, pageLoadStrategy: normal, platformName: windows, proxy: Proxy(), se:cdp: ws://127.0.0.1:22516/devtoo..., se:cdpVersion: 85.0, setWindowRect: true, strictFileInteractability: false, timeouts: {implicit: 0, pageLoad: 300000, script: 30000}, unhandledPromptBehavior: dismiss and notify, userAgent: Mozilla/5.0 (Windows NT 10....}
Session ID: f177db9c-4861-430c-ac95-57028b61a63e]]>
            </message>
            <full-stacktrace>
              <![CDATA[org.openqa.selenium.TimeoutException: Expected condition failed: waiting for visibility of element located by By.xpath: //a[normalize-space()='https://www.getcalley.com/'] (tried for 10 second(s) with 500 milliseconds interval)
Build info: version: '4.19.1', revision: 'abe0ee07dc'
System info: os.name: 'Windows 11', os.arch: 'amd64', os.version: '10.0', java.version: '21.0.2'
Driver info: org.openqa.selenium.firefox.FirefoxDriver
Capabilities {acceptInsecureCerts: true, browserName: firefox, browserVersion: 125.0.3, moz:accessibilityChecks: false, moz:buildID: 20240425211020, moz:debuggerAddress: 127.0.0.1:22516, moz:geckodriverVersion: 0.34.0, moz:headless: false, moz:platformVersion: 10.0, moz:processID: 1700, moz:profile: C:\Users\DELL\AppData\Local..., moz:shutdownTimeout: 60000, moz:webdriverClick: true, moz:windowless: false, pageLoadStrategy: normal, platformName: windows, proxy: Proxy(), se:cdp: ws://127.0.0.1:22516/devtoo..., se:cdpVersion: 85.0, setWindowRect: true, strictFileInteractability: false, timeouts: {implicit: 0, pageLoad: 300000, script: 30000}, unhandledPromptBehavior: dismiss and notify, userAgent: Mozilla/5.0 (Windows NT 10....}
Session ID: f177db9c-4861-430c-ac95-57028b61a63e
at org.openqa.selenium.support.ui.WebDriverWait.timeoutException(WebDriverWait.java:84)
at org.openqa.selenium.support.ui.FluentWait.until(FluentWait.java:228)
at Pages.HomePage.clickFirstLink(HomePage.java:22)
at Tests.HomePageTest.captureFirstPageScreenshot(HomePageTest.java:80)
at java.base/jdk.internal.reflect.DirectMethodHandleAccessor.invoke(DirectMethodHandleAccessor.java:103)
at java.base/java.lang.reflect.Method.invoke(Method.java:580)
at org.testng.internal.MethodInvocationHelper.invokeMethod(MethodInvocationHelper.java:133)
at org.testng.internal.TestInvoker.invokeMethod(TestInvoker.java:598)
at org.testng.internal.TestInvoker.invokeTestMethod(TestInvoker.java:173)
at org.testng.internal.MethodRunner.runInSequence(MethodRunner.java:46)
at org.testng.internal.TestInvoker$MethodInvocationAgent.invoke(TestInvoker.java:824)
at org.testng.internal.TestInvoker.invokeTestMethods(TestInvoker.java:146)
at org.testng.internal.TestMethodWorker.invokeTestMethods(TestMethodWorker.java:146)
at org.testng.internal.TestMethodWorker.run(TestMethodWorker.java:128)
at java.base/java.util.ArrayList.forEach(ArrayList.java:1596)
at org.testng.TestRunner.privateRun(TestRunner.java:794)
at org.testng.TestRunner.run(TestRunner.java:596)
at org.testng.SuiteRunner.runTest(SuiteRunner.java:377)
at org.testng.SuiteRunner.runSequentially(SuiteRunner.java:371)
at org.testng.SuiteRunner.privateRun(SuiteRunner.java:332)
at org.testng.SuiteRunner.run(SuiteRunner.java:276)
at org.testng.SuiteRunnerWorker.runSuite(SuiteRunnerWorker.java:53)
at org.testng.SuiteRunnerWorker.run(SuiteRunnerWorker.java:96)
at org.testng.TestNG.runSuitesSequentially(TestNG.java:1212)
at org.testng.TestNG.runSuitesLocally(TestNG.java:1134)
at org.testng.TestNG.runSuites(TestNG.java:1063)
at org.testng.TestNG.run(TestNG.java:1031)
at org.testng.remote.AbstractRemoteTestNG.run(AbstractRemoteTestNG.java:115)
at org.testng.remote.RemoteTestNG.initAndRun(RemoteTestNG.java:293)
at org.testng.remote.RemoteTestNG.main(RemoteTestNG.java:91)
]]>
            </full-stacktrace>
          </exception> <!-- org.openqa.selenium.TimeoutException -->
          <reporter-output>
          </reporter-output>
        </test-method> <!-- captureFirstPageScreenshot -->
        <test-method signature="captureFirstPageScreenshot(int,int)[pri:0, instance:Tests.HomePageTest@30c15d8b]" started-at="2024-06-21T16:13:41 IST" name="captureFirstPageScreenshot" data-provider="resolutions" finished-at="2024-06-21T16:13:52 IST" duration-ms="10338" status="FAIL">
          <params>
            <param index="0">
              <value>
                <![CDATA[375]]>
              </value>
            </param>
            <param index="1">
              <value>
                <![CDATA[667]]>
              </value>
            </param>
          </params>
          <exception class="org.openqa.selenium.TimeoutException">
            <message>
              <![CDATA[Expected condition failed: waiting for visibility of element located by By.xpath: //a[normalize-space()='https://www.getcalley.com/'] (tried for 10 second(s) with 500 milliseconds interval)
Build info: version: '4.19.1', revision: 'abe0ee07dc'
System info: os.name: 'Windows 11', os.arch: 'amd64', os.version: '10.0', java.version: '21.0.2'
Driver info: org.openqa.selenium.firefox.FirefoxDriver
Capabilities {acceptInsecureCerts: true, browserName: firefox, browserVersion: 125.0.3, moz:accessibilityChecks: false, moz:buildID: 20240425211020, moz:debuggerAddress: 127.0.0.1:22516, moz:geckodriverVersion: 0.34.0, moz:headless: false, moz:platformVersion: 10.0, moz:processID: 1700, moz:profile: C:\Users\DELL\AppData\Local..., moz:shutdownTimeout: 60000, moz:webdriverClick: true, moz:windowless: false, pageLoadStrategy: normal, platformName: windows, proxy: Proxy(), se:cdp: ws://127.0.0.1:22516/devtoo..., se:cdpVersion: 85.0, setWindowRect: true, strictFileInteractability: false, timeouts: {implicit: 0, pageLoad: 300000, script: 30000}, unhandledPromptBehavior: dismiss and notify, userAgent: Mozilla/5.0 (Windows NT 10....}
Session ID: f177db9c-4861-430c-ac95-57028b61a63e]]>
            </message>
            <full-stacktrace>
              <![CDATA[org.openqa.selenium.TimeoutException: Expected condition failed: waiting for visibility of element located by By.xpath: //a[normalize-space()='https://www.getcalley.com/'] (tried for 10 second(s) with 500 milliseconds interval)
Build info: version: '4.19.1', revision: 'abe0ee07dc'
System info: os.name: 'Windows 11', os.arch: 'amd64', os.version: '10.0', java.version: '21.0.2'
Driver info: org.openqa.selenium.firefox.FirefoxDriver
Capabilities {acceptInsecureCerts: true, browserName: firefox, browserVersion: 125.0.3, moz:accessibilityChecks: false, moz:buildID: 20240425211020, moz:debuggerAddress: 127.0.0.1:22516, moz:geckodriverVersion: 0.34.0, moz:headless: false, moz:platformVersion: 10.0, moz:processID: 1700, moz:profile: C:\Users\DELL\AppData\Local..., moz:shutdownTimeout: 60000, moz:webdriverClick: true, moz:windowless: false, pageLoadStrategy: normal, platformName: windows, proxy: Proxy(), se:cdp: ws://127.0.0.1:22516/devtoo..., se:cdpVersion: 85.0, setWindowRect: true, strictFileInteractability: false, timeouts: {implicit: 0, pageLoad: 300000, script: 30000}, unhandledPromptBehavior: dismiss and notify, userAgent: Mozilla/5.0 (Windows NT 10....}
Session ID: f177db9c-4861-430c-ac95-57028b61a63e
at org.openqa.selenium.support.ui.WebDriverWait.timeoutException(WebDriverWait.java:84)
at org.openqa.selenium.support.ui.FluentWait.until(FluentWait.java:228)
at Pages.HomePage.clickFirstLink(HomePage.java:22)
at Tests.HomePageTest.captureFirstPageScreenshot(HomePageTest.java:80)
at java.base/jdk.internal.reflect.DirectMethodHandleAccessor.invoke(DirectMethodHandleAccessor.java:103)
at java.base/java.lang.reflect.Method.invoke(Method.java:580)
at org.testng.internal.MethodInvocationHelper.invokeMethod(MethodInvocationHelper.java:133)
at org.testng.internal.TestInvoker.invokeMethod(TestInvoker.java:598)
at org.testng.internal.TestInvoker.invokeTestMethod(TestInvoker.java:173)
at org.testng.internal.MethodRunner.runInSequence(MethodRunner.java:46)
at org.testng.internal.TestInvoker$MethodInvocationAgent.invoke(TestInvoker.java:824)
at org.testng.internal.TestInvoker.invokeTestMethods(TestInvoker.java:146)
at org.testng.internal.TestMethodWorker.invokeTestMethods(TestMethodWorker.java:146)
at org.testng.internal.TestMethodWorker.run(TestMethodWorker.java:128)
at java.base/java.util.ArrayList.forEach(ArrayList.java:1596)
at org.testng.TestRunner.privateRun(TestRunner.java:794)
at org.testng.TestRunner.run(TestRunner.java:596)
at org.testng.SuiteRunner.runTest(SuiteRunner.java:377)
at org.testng.SuiteRunner.runSequentially(SuiteRunner.java:371)
at org.testng.SuiteRunner.privateRun(SuiteRunner.java:332)
at org.testng.SuiteRunner.run(SuiteRunner.java:276)
at org.testng.SuiteRunnerWorker.runSuite(SuiteRunnerWorker.java:53)
at org.testng.SuiteRunnerWorker.run(SuiteRunnerWorker.java:96)
at org.testng.TestNG.runSuitesSequentially(TestNG.java:1212)
at org.testng.TestNG.runSuitesLocally(TestNG.java:1134)
at org.testng.TestNG.runSuites(TestNG.java:1063)
at org.testng.TestNG.run(TestNG.java:1031)
at org.testng.remote.AbstractRemoteTestNG.run(AbstractRemoteTestNG.java:115)
at org.testng.remote.RemoteTestNG.initAndRun(RemoteTestNG.java:293)
at org.testng.remote.RemoteTestNG.main(RemoteTestNG.java:91)
]]>
            </full-stacktrace>
          </exception> <!-- org.openqa.selenium.TimeoutException -->
          <reporter-output>
          </reporter-output>
        </test-method> <!-- captureFirstPageScreenshot -->
        <test-method signature="captureHomePageScreenshot(int,int)[pri:0, instance:Tests.HomePageTest@30c15d8b]" started-at="2024-06-21T16:13:52 IST" name="captureHomePageScreenshot" data-provider="resolutions" finished-at="2024-06-21T16:13:52 IST" duration-ms="516" status="FAIL">
          <params>
            <param index="0">
              <value>
                <![CDATA[1920]]>
              </value>
            </param>
            <param index="1">
              <value>
                <![CDATA[1080]]>
              </value>
            </param>
          </params>
          <exception class="java.nio.file.FileAlreadyExistsException">
            <message>
              <![CDATA[screenshots\HomePage_1920x1080.png]]>
            </message>
            <full-stacktrace>
              <![CDATA[java.nio.file.FileAlreadyExistsException: screenshots\HomePage_1920x1080.png
at java.base/sun.nio.fs.WindowsFileCopy.copy(WindowsFileCopy.java:133)
at java.base/sun.nio.fs.WindowsFileSystemProvider.copy(WindowsFileSystemProvider.java:282)
at java.base/java.nio.file.Files.copy(Files.java:1304)
at Tests.HomePageTest.captureScreenshot(HomePageTest.java:123)
at Tests.HomePageTest.captureHomePageScreenshot(HomePageTest.java:75)
at java.base/jdk.internal.reflect.DirectMethodHandleAccessor.invoke(DirectMethodHandleAccessor.java:103)
at java.base/java.lang.reflect.Method.invoke(Method.java:580)
at org.testng.internal.MethodInvocationHelper.invokeMethod(MethodInvocationHelper.java:133)
at org.testng.internal.TestInvoker.invokeMethod(TestInvoker.java:598)
at org.testng.internal.TestInvoker.invokeTestMethod(TestInvoker.java:173)
at org.testng.internal.MethodRunner.runInSequence(MethodRunner.java:46)
at org.testng.internal.TestInvoker$MethodInvocationAgent.invoke(TestInvoker.java:824)
at org.testng.internal.TestInvoker.invokeTestMethods(TestInvoker.java:146)
at org.testng.internal.TestMethodWorker.invokeTestMethods(TestMethodWorker.java:146)
at org.testng.internal.TestMethodWorker.run(TestMethodWorker.java:128)
at java.base/java.util.ArrayList.forEach(ArrayList.java:1596)
at org.testng.TestRunner.privateRun(TestRunner.java:794)
at org.testng.TestRunner.run(TestRunner.java:596)
at org.testng.SuiteRunner.runTest(SuiteRunner.java:377)
at org.testng.SuiteRunner.runSequentially(SuiteRunner.java:371)
at org.testng.SuiteRunner.privateRun(SuiteRunner.java:332)
at org.testng.SuiteRunner.run(SuiteRunner.java:276)
at org.testng.SuiteRunnerWorker.runSuite(SuiteRunnerWorker.java:53)
at org.testng.SuiteRunnerWorker.run(SuiteRunnerWorker.java:96)
at org.testng.TestNG.runSuitesSequentially(TestNG.java:1212)
at org.testng.TestNG.runSuitesLocally(TestNG.java:1134)
at org.testng.TestNG.runSuites(TestNG.java:1063)
at org.testng.TestNG.run(TestNG.java:1031)
at org.testng.remote.AbstractRemoteTestNG.run(AbstractRemoteTestNG.java:115)
at org.testng.remote.RemoteTestNG.initAndRun(RemoteTestNG.java:293)
at org.testng.remote.RemoteTestNG.main(RemoteTestNG.java:91)
]]>
            </full-stacktrace>
          </exception> <!-- java.nio.file.FileAlreadyExistsException -->
          <reporter-output>
          </reporter-output>
        </test-method> <!-- captureHomePageScreenshot -->
        <test-method signature="captureHomePageScreenshot(int,int)[pri:0, instance:Tests.HomePageTest@30c15d8b]" started-at="2024-06-21T16:13:52 IST" name="captureHomePageScreenshot" data-provider="resolutions" finished-at="2024-06-21T16:13:52 IST" duration-ms="310" status="FAIL">
          <params>
            <param index="0">
              <value>
                <![CDATA[1366]]>
              </value>
            </param>
            <param index="1">
              <value>
                <![CDATA[768]]>
              </value>
            </param>
          </params>
          <exception class="java.nio.file.FileAlreadyExistsException">
            <message>
              <![CDATA[screenshots\HomePage_1366x768.png]]>
            </message>
            <full-stacktrace>
              <![CDATA[java.nio.file.FileAlreadyExistsException: screenshots\HomePage_1366x768.png
at java.base/sun.nio.fs.WindowsFileCopy.copy(WindowsFileCopy.java:133)
at java.base/sun.nio.fs.WindowsFileSystemProvider.copy(WindowsFileSystemProvider.java:282)
at java.base/java.nio.file.Files.copy(Files.java:1304)
at Tests.HomePageTest.captureScreenshot(HomePageTest.java:123)
at Tests.HomePageTest.captureHomePageScreenshot(HomePageTest.java:75)
at java.base/jdk.internal.reflect.DirectMethodHandleAccessor.invoke(DirectMethodHandleAccessor.java:103)
at java.base/java.lang.reflect.Method.invoke(Method.java:580)
at org.testng.internal.MethodInvocationHelper.invokeMethod(MethodInvocationHelper.java:133)
at org.testng.internal.TestInvoker.invokeMethod(TestInvoker.java:598)
at org.testng.internal.TestInvoker.invokeTestMethod(TestInvoker.java:173)
at org.testng.internal.MethodRunner.runInSequence(MethodRunner.java:46)
at org.testng.internal.TestInvoker$MethodInvocationAgent.invoke(TestInvoker.java:824)
at org.testng.internal.TestInvoker.invokeTestMethods(TestInvoker.java:146)
at org.testng.internal.TestMethodWorker.invokeTestMethods(TestMethodWorker.java:146)
at org.testng.internal.TestMethodWorker.run(TestMethodWorker.java:128)
at java.base/java.util.ArrayList.forEach(ArrayList.java:1596)
at org.testng.TestRunner.privateRun(TestRunner.java:794)
at org.testng.TestRunner.run(TestRunner.java:596)
at org.testng.SuiteRunner.runTest(SuiteRunner.java:377)
at org.testng.SuiteRunner.runSequentially(SuiteRunner.java:371)
at org.testng.SuiteRunner.privateRun(SuiteRunner.java:332)
at org.testng.SuiteRunner.run(SuiteRunner.java:276)
at org.testng.SuiteRunnerWorker.runSuite(SuiteRunnerWorker.java:53)
at org.testng.SuiteRunnerWorker.run(SuiteRunnerWorker.java:96)
at org.testng.TestNG.runSuitesSequentially(TestNG.java:1212)
at org.testng.TestNG.runSuitesLocally(TestNG.java:1134)
at org.testng.TestNG.runSuites(TestNG.java:1063)
at org.testng.TestNG.run(TestNG.java:1031)
at org.testng.remote.AbstractRemoteTestNG.run(AbstractRemoteTestNG.java:115)
at org.testng.remote.RemoteTestNG.initAndRun(RemoteTestNG.java:293)
at org.testng.remote.RemoteTestNG.main(RemoteTestNG.java:91)
]]>
            </full-stacktrace>
          </exception> <!-- java.nio.file.FileAlreadyExistsException -->
          <reporter-output>
          </reporter-output>
        </test-method> <!-- captureHomePageScreenshot -->
        <test-method signature="captureHomePageScreenshot(int,int)[pri:0, instance:Tests.HomePageTest@30c15d8b]" started-at="2024-06-21T16:13:52 IST" name="captureHomePageScreenshot" data-provider="resolutions" finished-at="2024-06-21T16:13:53 IST" duration-ms="337" status="FAIL">
          <params>
            <param index="0">
              <value>
                <![CDATA[1536]]>
              </value>
            </param>
            <param index="1">
              <value>
                <![CDATA[864]]>
              </value>
            </param>
          </params>
          <exception class="java.nio.file.FileAlreadyExistsException">
            <message>
              <![CDATA[screenshots\HomePage_1536x864.png]]>
            </message>
            <full-stacktrace>
              <![CDATA[java.nio.file.FileAlreadyExistsException: screenshots\HomePage_1536x864.png
at java.base/sun.nio.fs.WindowsFileCopy.copy(WindowsFileCopy.java:133)
at java.base/sun.nio.fs.WindowsFileSystemProvider.copy(WindowsFileSystemProvider.java:282)
at java.base/java.nio.file.Files.copy(Files.java:1304)
at Tests.HomePageTest.captureScreenshot(HomePageTest.java:123)
at Tests.HomePageTest.captureHomePageScreenshot(HomePageTest.java:75)
at java.base/jdk.internal.reflect.DirectMethodHandleAccessor.invoke(DirectMethodHandleAccessor.java:103)
at java.base/java.lang.reflect.Method.invoke(Method.java:580)
at org.testng.internal.MethodInvocationHelper.invokeMethod(MethodInvocationHelper.java:133)
at org.testng.internal.TestInvoker.invokeMethod(TestInvoker.java:598)
at org.testng.internal.TestInvoker.invokeTestMethod(TestInvoker.java:173)
at org.testng.internal.MethodRunner.runInSequence(MethodRunner.java:46)
at org.testng.internal.TestInvoker$MethodInvocationAgent.invoke(TestInvoker.java:824)
at org.testng.internal.TestInvoker.invokeTestMethods(TestInvoker.java:146)
at org.testng.internal.TestMethodWorker.invokeTestMethods(TestMethodWorker.java:146)
at org.testng.internal.TestMethodWorker.run(TestMethodWorker.java:128)
at java.base/java.util.ArrayList.forEach(ArrayList.java:1596)
at org.testng.TestRunner.privateRun(TestRunner.java:794)
at org.testng.TestRunner.run(TestRunner.java:596)
at org.testng.SuiteRunner.runTest(SuiteRunner.java:377)
at org.testng.SuiteRunner.runSequentially(SuiteRunner.java:371)
at org.testng.SuiteRunner.privateRun(SuiteRunner.java:332)
at org.testng.SuiteRunner.run(SuiteRunner.java:276)
at org.testng.SuiteRunnerWorker.runSuite(SuiteRunnerWorker.java:53)
at org.testng.SuiteRunnerWorker.run(SuiteRunnerWorker.java:96)
at org.testng.TestNG.runSuitesSequentially(TestNG.java:1212)
at org.testng.TestNG.runSuitesLocally(TestNG.java:1134)
at org.testng.TestNG.runSuites(TestNG.java:1063)
at org.testng.TestNG.run(TestNG.java:1031)
at org.testng.remote.AbstractRemoteTestNG.run(AbstractRemoteTestNG.java:115)
at org.testng.remote.RemoteTestNG.initAndRun(RemoteTestNG.java:293)
at org.testng.remote.RemoteTestNG.main(RemoteTestNG.java:91)
]]>
            </full-stacktrace>
          </exception> <!-- java.nio.file.FileAlreadyExistsException -->
          <reporter-output>
          </reporter-output>
        </test-method> <!-- captureHomePageScreenshot -->
        <test-method signature="captureHomePageScreenshot(int,int)[pri:0, instance:Tests.HomePageTest@30c15d8b]" started-at="2024-06-21T16:13:53 IST" name="captureHomePageScreenshot" data-provider="resolutions" finished-at="2024-06-21T16:13:53 IST" duration-ms="578" status="FAIL">
          <params>
            <param index="0">
              <value>
                <![CDATA[360]]>
              </value>
            </param>
            <param index="1">
              <value>
                <![CDATA[640]]>
              </value>
            </param>
          </params>
          <exception class="java.nio.file.FileAlreadyExistsException">
            <message>
              <![CDATA[screenshots\HomePage_360x640.png]]>
            </message>
            <full-stacktrace>
              <![CDATA[java.nio.file.FileAlreadyExistsException: screenshots\HomePage_360x640.png
at java.base/sun.nio.fs.WindowsFileCopy.copy(WindowsFileCopy.java:133)
at java.base/sun.nio.fs.WindowsFileSystemProvider.copy(WindowsFileSystemProvider.java:282)
at java.base/java.nio.file.Files.copy(Files.java:1304)
at Tests.HomePageTest.captureScreenshot(HomePageTest.java:123)
at Tests.HomePageTest.captureHomePageScreenshot(HomePageTest.java:75)
at java.base/jdk.internal.reflect.DirectMethodHandleAccessor.invoke(DirectMethodHandleAccessor.java:103)
at java.base/java.lang.reflect.Method.invoke(Method.java:580)
at org.testng.internal.MethodInvocationHelper.invokeMethod(MethodInvocationHelper.java:133)
at org.testng.internal.TestInvoker.invokeMethod(TestInvoker.java:598)
at org.testng.internal.TestInvoker.invokeTestMethod(TestInvoker.java:173)
at org.testng.internal.MethodRunner.runInSequence(MethodRunner.java:46)
at org.testng.internal.TestInvoker$MethodInvocationAgent.invoke(TestInvoker.java:824)
at org.testng.internal.TestInvoker.invokeTestMethods(TestInvoker.java:146)
at org.testng.internal.TestMethodWorker.invokeTestMethods(TestMethodWorker.java:146)
at org.testng.internal.TestMethodWorker.run(TestMethodWorker.java:128)
at java.base/java.util.ArrayList.forEach(ArrayList.java:1596)
at org.testng.TestRunner.privateRun(TestRunner.java:794)
at org.testng.TestRunner.run(TestRunner.java:596)
at org.testng.SuiteRunner.runTest(SuiteRunner.java:377)
at org.testng.SuiteRunner.runSequentially(SuiteRunner.java:371)
at org.testng.SuiteRunner.privateRun(SuiteRunner.java:332)
at org.testng.SuiteRunner.run(SuiteRunner.java:276)
at org.testng.SuiteRunnerWorker.runSuite(SuiteRunnerWorker.java:53)
at org.testng.SuiteRunnerWorker.run(SuiteRunnerWorker.java:96)
at org.testng.TestNG.runSuitesSequentially(TestNG.java:1212)
at org.testng.TestNG.runSuitesLocally(TestNG.java:1134)
at org.testng.TestNG.runSuites(TestNG.java:1063)
at org.testng.TestNG.run(TestNG.java:1031)
at org.testng.remote.AbstractRemoteTestNG.run(AbstractRemoteTestNG.java:115)
at org.testng.remote.RemoteTestNG.initAndRun(RemoteTestNG.java:293)
at org.testng.remote.RemoteTestNG.main(RemoteTestNG.java:91)
]]>
            </full-stacktrace>
          </exception> <!-- java.nio.file.FileAlreadyExistsException -->
          <reporter-output>
          </reporter-output>
        </test-method> <!-- captureHomePageScreenshot -->
        <test-method signature="captureHomePageScreenshot(int,int)[pri:0, instance:Tests.HomePageTest@30c15d8b]" started-at="2024-06-21T16:13:53 IST" name="captureHomePageScreenshot" data-provider="resolutions" finished-at="2024-06-21T16:13:54 IST" duration-ms="604" status="FAIL">
          <params>
            <param index="0">
              <value>
                <![CDATA[414]]>
              </value>
            </param>
            <param index="1">
              <value>
                <![CDATA[896]]>
              </value>
            </param>
          </params>
          <exception class="java.nio.file.FileAlreadyExistsException">
            <message>
              <![CDATA[screenshots\HomePage_414x896.png]]>
            </message>
            <full-stacktrace>
              <![CDATA[java.nio.file.FileAlreadyExistsException: screenshots\HomePage_414x896.png
at java.base/sun.nio.fs.WindowsFileCopy.copy(WindowsFileCopy.java:133)
at java.base/sun.nio.fs.WindowsFileSystemProvider.copy(WindowsFileSystemProvider.java:282)
at java.base/java.nio.file.Files.copy(Files.java:1304)
at Tests.HomePageTest.captureScreenshot(HomePageTest.java:123)
at Tests.HomePageTest.captureHomePageScreenshot(HomePageTest.java:75)
at java.base/jdk.internal.reflect.DirectMethodHandleAccessor.invoke(DirectMethodHandleAccessor.java:103)
at java.base/java.lang.reflect.Method.invoke(Method.java:580)
at org.testng.internal.MethodInvocationHelper.invokeMethod(MethodInvocationHelper.java:133)
at org.testng.internal.TestInvoker.invokeMethod(TestInvoker.java:598)
at org.testng.internal.TestInvoker.invokeTestMethod(TestInvoker.java:173)
at org.testng.internal.MethodRunner.runInSequence(MethodRunner.java:46)
at org.testng.internal.TestInvoker$MethodInvocationAgent.invoke(TestInvoker.java:824)
at org.testng.internal.TestInvoker.invokeTestMethods(TestInvoker.java:146)
at org.testng.internal.TestMethodWorker.invokeTestMethods(TestMethodWorker.java:146)
at org.testng.internal.TestMethodWorker.run(TestMethodWorker.java:128)
at java.base/java.util.ArrayList.forEach(ArrayList.java:1596)
at org.testng.TestRunner.privateRun(TestRunner.java:794)
at org.testng.TestRunner.run(TestRunner.java:596)
at org.testng.SuiteRunner.runTest(SuiteRunner.java:377)
at org.testng.SuiteRunner.runSequentially(SuiteRunner.java:371)
at org.testng.SuiteRunner.privateRun(SuiteRunner.java:332)
at org.testng.SuiteRunner.run(SuiteRunner.java:276)
at org.testng.SuiteRunnerWorker.runSuite(SuiteRunnerWorker.java:53)
at org.testng.SuiteRunnerWorker.run(SuiteRunnerWorker.java:96)
at org.testng.TestNG.runSuitesSequentially(TestNG.java:1212)
at org.testng.TestNG.runSuitesLocally(TestNG.java:1134)
at org.testng.TestNG.runSuites(TestNG.java:1063)
at org.testng.TestNG.run(TestNG.java:1031)
at org.testng.remote.AbstractRemoteTestNG.run(AbstractRemoteTestNG.java:115)
at org.testng.remote.RemoteTestNG.initAndRun(RemoteTestNG.java:293)
at org.testng.remote.RemoteTestNG.main(RemoteTestNG.java:91)
]]>
            </full-stacktrace>
          </exception> <!-- java.nio.file.FileAlreadyExistsException -->
          <reporter-output>
          </reporter-output>
        </test-method> <!-- captureHomePageScreenshot -->
        <test-method signature="captureHomePageScreenshot(int,int)[pri:0, instance:Tests.HomePageTest@30c15d8b]" started-at="2024-06-21T16:13:54 IST" name="captureHomePageScreenshot" data-provider="resolutions" finished-at="2024-06-21T16:13:54 IST" duration-ms="568" status="FAIL">
          <params>
            <param index="0">
              <value>
                <![CDATA[375]]>
              </value>
            </param>
            <param index="1">
              <value>
                <![CDATA[667]]>
              </value>
            </param>
          </params>
          <exception class="java.nio.file.FileAlreadyExistsException">
            <message>
              <![CDATA[screenshots\HomePage_375x667.png]]>
            </message>
            <full-stacktrace>
              <![CDATA[java.nio.file.FileAlreadyExistsException: screenshots\HomePage_375x667.png
at java.base/sun.nio.fs.WindowsFileCopy.copy(WindowsFileCopy.java:133)
at java.base/sun.nio.fs.WindowsFileSystemProvider.copy(WindowsFileSystemProvider.java:282)
at java.base/java.nio.file.Files.copy(Files.java:1304)
at Tests.HomePageTest.captureScreenshot(HomePageTest.java:123)
at Tests.HomePageTest.captureHomePageScreenshot(HomePageTest.java:75)
at java.base/jdk.internal.reflect.DirectMethodHandleAccessor.invoke(DirectMethodHandleAccessor.java:103)
at java.base/java.lang.reflect.Method.invoke(Method.java:580)
at org.testng.internal.MethodInvocationHelper.invokeMethod(MethodInvocationHelper.java:133)
at org.testng.internal.TestInvoker.invokeMethod(TestInvoker.java:598)
at org.testng.internal.TestInvoker.invokeTestMethod(TestInvoker.java:173)
at org.testng.internal.MethodRunner.runInSequence(MethodRunner.java:46)
at org.testng.internal.TestInvoker$MethodInvocationAgent.invoke(TestInvoker.java:824)
at org.testng.internal.TestInvoker.invokeTestMethods(TestInvoker.java:146)
at org.testng.internal.TestMethodWorker.invokeTestMethods(TestMethodWorker.java:146)
at org.testng.internal.TestMethodWorker.run(TestMethodWorker.java:128)
at java.base/java.util.ArrayList.forEach(ArrayList.java:1596)
at org.testng.TestRunner.privateRun(TestRunner.java:794)
at org.testng.TestRunner.run(TestRunner.java:596)
at org.testng.SuiteRunner.runTest(SuiteRunner.java:377)
at org.testng.SuiteRunner.runSequentially(SuiteRunner.java:371)
at org.testng.SuiteRunner.privateRun(SuiteRunner.java:332)
at org.testng.SuiteRunner.run(SuiteRunner.java:276)
at org.testng.SuiteRunnerWorker.runSuite(SuiteRunnerWorker.java:53)
at org.testng.SuiteRunnerWorker.run(SuiteRunnerWorker.java:96)
at org.testng.TestNG.runSuitesSequentially(TestNG.java:1212)
at org.testng.TestNG.runSuitesLocally(TestNG.java:1134)
at org.testng.TestNG.runSuites(TestNG.java:1063)
at org.testng.TestNG.run(TestNG.java:1031)
at org.testng.remote.AbstractRemoteTestNG.run(AbstractRemoteTestNG.java:115)
at org.testng.remote.RemoteTestNG.initAndRun(RemoteTestNG.java:293)
at org.testng.remote.RemoteTestNG.main(RemoteTestNG.java:91)
]]>
            </full-stacktrace>
          </exception> <!-- java.nio.file.FileAlreadyExistsException -->
          <reporter-output>
          </reporter-output>
        </test-method> <!-- captureHomePageScreenshot -->
        <test-method signature="capturefifthPageScreenshot(int,int)[pri:0, instance:Tests.HomePageTest@30c15d8b]" started-at="2024-06-21T16:13:54 IST" name="capturefifthPageScreenshot" data-provider="resolutions" finished-at="2024-06-21T16:14:05 IST" duration-ms="10261" status="FAIL">
          <params>
            <param index="0">
              <value>
                <![CDATA[1920]]>
              </value>
            </param>
            <param index="1">
              <value>
                <![CDATA[1080]]>
              </value>
            </param>
          </params>
          <exception class="org.openqa.selenium.TimeoutException">
            <message>
              <![CDATA[Expected condition failed: waiting for visibility of element located by By.xpath: //a[contains(text(),'https://www.getcalley.com/how-calley-auto-dialer-a')] (tried for 10 second(s) with 500 milliseconds interval)
Build info: version: '4.19.1', revision: 'abe0ee07dc'
System info: os.name: 'Windows 11', os.arch: 'amd64', os.version: '10.0', java.version: '21.0.2'
Driver info: org.openqa.selenium.firefox.FirefoxDriver
Capabilities {acceptInsecureCerts: true, browserName: firefox, browserVersion: 125.0.3, moz:accessibilityChecks: false, moz:buildID: 20240425211020, moz:debuggerAddress: 127.0.0.1:22516, moz:geckodriverVersion: 0.34.0, moz:headless: false, moz:platformVersion: 10.0, moz:processID: 1700, moz:profile: C:\Users\DELL\AppData\Local..., moz:shutdownTimeout: 60000, moz:webdriverClick: true, moz:windowless: false, pageLoadStrategy: normal, platformName: windows, proxy: Proxy(), se:cdp: ws://127.0.0.1:22516/devtoo..., se:cdpVersion: 85.0, setWindowRect: true, strictFileInteractability: false, timeouts: {implicit: 0, pageLoad: 300000, script: 30000}, unhandledPromptBehavior: dismiss and notify, userAgent: Mozilla/5.0 (Windows NT 10....}
Session ID: f177db9c-4861-430c-ac95-57028b61a63e]]>
            </message>
            <full-stacktrace>
[...]
              <value>
                <![CDATA[375]]>
              </value>
            </param>
            <param index="1">
              <value>
                <![CDATA[667]]>
              </value>
            </param>
          </params>
          <exception class="java.lang.IllegalArgumentException">
            <message>
              <![CDATA[Safari is only supported on macOS.]]>
            </message>
            <full-stacktrace>
              <![CDATA[java.lang.IllegalArgumentException: Safari is only supported on macOS.
at Tests.HomePageTest.setUp(HomePageTest.java:50)
at java.base/jdk.internal.reflect.DirectMethodHandleAccessor.invoke(DirectMethodHandleAccessor.java:103)
at java.base/java.lang.reflect.Method.invoke(Method.java:580)
at org.testng.internal.MethodInvocationHelper.invokeMethod(MethodInvocationHelper.java:133)
at org.testng.internal.MethodInvocationHelper.invokeMethodConsideringTimeout(MethodInvocationHelper.java:62)
at org.testng.internal.ConfigInvoker.invokeConfigurationMethod(ConfigInvoker.java:385)
at org.testng.internal.ConfigInvoker.invokeConfigurations(ConfigInvoker.java:321)
at org.testng.internal.TestMethodWorker.invokeBeforeClassMethods(TestMethodWorker.java:176)
at org.testng.internal.TestMethodWorker.run(TestMethodWorker.java:122)
at java.base/java.util.ArrayList.forEach(ArrayList.java:1596)
at org.testng.TestRunner.privateRun(TestRunner.java:794)
at org.testng.TestRunner.run(TestRunner.java:596)
at org.testng.SuiteRunner.runTest(SuiteRunner.java:377)
at org.testng.SuiteRunner.runSequentially(SuiteRunner.java:371)
at org.testng.SuiteRunner.privateRun(SuiteRunner.java:332)
at org.testng.SuiteRunner.run(SuiteRunner.java:276)
at org.testng.SuiteRunnerWorker.runSuite(SuiteRunnerWorker.java:53)
at org.testng.SuiteRunnerWorker.run(SuiteRunnerWorker.java:96)
at org.testng.TestNG.runSuitesSequentially(TestNG.java:1212)
at org.testng.TestNG.runSuitesLocally(TestNG.java:1134)
at org.testng.TestNG.runSuites(TestNG.java:1063)
at org.testng.TestNG.run(TestNG.java:1031)
at org.testng.remote.AbstractRemoteTestNG.run(AbstractRemoteTestNG.java:115)
at org.testng.remote.RemoteTestNG.initAndRun(RemoteTestNG.java:293)
at org.testng.remote.RemoteTestNG.main(RemoteTestNG.java:91)
]]>
            </full-stacktrace>
          </exception> <!-- java.lang.IllegalArgumentException -->
          <reporter-output>
          </reporter-output>
        </test-method> <!-- capturesecondPageScreenshot -->
        <test-method signature="capturethirdPageScreenshot(int,int)[pri:0, instance:Tests.HomePageTest@411f53a0]" started-at="2024-06-21T16:18:02 IST" name="capturethirdPageScreenshot" data-provider="resolutions" finished-at="2024-06-21T16:18:02 IST" duration-ms="0" status="SKIP">
          <params>
            <param index="0">
              <value>
                <![CDATA[1920]]>
              </value>
            </param>
            <param index="1">
              <value>
                <![CDATA[1080]]>
              </value>
            </param>
          </params>
          <exception class="java.lang.IllegalArgumentException">
            <message>
              <![CDATA[Safari is only supported on macOS.]]>
            </message>
            <full-stacktrace>
              <![CDATA[java.lang.IllegalArgumentException: Safari is only supported on macOS.
at Tests.HomePageTest.setUp(HomePageTest.java:50)
at java.base/jdk.internal.reflect.DirectMethodHandleAccessor.invoke(DirectMethodHandleAccessor.java:103)
at java.base/java.lang.reflect.Method.invoke(Method.java:580)
at org.testng.internal.MethodInvocationHelper.invokeMethod(MethodInvocationHelper.java:133)
at org.testng.internal.MethodInvocationHelper.invokeMethodConsideringTimeout(MethodInvocationHelper.java:62)
at org.testng.internal.ConfigInvoker.invokeConfigurationMethod(ConfigInvoker.java:385)
at org.testng.internal.ConfigInvoker.invokeConfigurations(ConfigInvoker.java:321)
at org.testng.internal.TestMethodWorker.invokeBeforeClassMethods(TestMethodWorker.java:176)
at org.testng.internal.TestMethodWorker.run(TestMethodWorker.java:122)
at java.base/java.util.ArrayList.forEach(ArrayList.java:1596)
at org.testng.TestRunner.privateRun(TestRunner.java:794)
at org.testng.TestRunner.run(TestRunner.java:596)
at org.testng.SuiteRunner.runTest(SuiteRunner.java:377)
at org.testng.SuiteRunner.runSequentially(SuiteRunner.java:371)
at org.testng.SuiteRunner.privateRun(SuiteRunner.java:332)
at org.testng.SuiteRunner.run(SuiteRunner.java:276)
at org.testng.SuiteRunnerWorker.runSuite(SuiteRunnerWorker.java:53)
at org.testng.SuiteRunnerWorker.run(SuiteRunnerWorker.java:96)
at org.testng.TestNG.runSuitesSequentially(TestNG.java:1212)
at org.testng.TestNG.runSuitesLocally(TestNG.java:1134)
at org.testng.TestNG.runSuites(TestNG.java:1063)
at org.testng.TestNG.run(TestNG.java:1031)
at org.testng.remote.AbstractRemoteTestNG.run(AbstractRemoteTestNG.java:115)
at org.testng.remote.RemoteTestNG.initAndRun(RemoteTestNG.java:293)
at org.testng.remote.RemoteTestNG.main(RemoteTestNG.java:91)
]]>
            </full-stacktrace>
          </exception> <!-- java.lang.IllegalArgumentException -->
          <reporter-output>
          </reporter-output>
        </test-method> <!-- capturethirdPageScreenshot -->
        <test-method signature="capturethirdPageScreenshot(int,int)[pri:0, instance:Tests.HomePageTest@411f53a0]" started-at="2024-06-21T16:18:02 IST" name="capturethirdPageScreenshot" data-provider="resolutions" finished-at="2024-06-21T16:18:02 IST" duration-ms="0" status="SKIP">
          <params>
            <param index="0">
              <value>
                <![CDATA[1366]]>
              </value>
            </param>
            <param index="1">
              <value>
                <![CDATA[768]]>
              </value>
            </param>
          </params>
          <exception class="java.lang.IllegalArgumentException">
            <message>
              <![CDATA[Safari is only supported on macOS.]]>
            </message>
            <full-stacktrace>
              <![CDATA[java.lang.IllegalArgumentException: Safari is only supported on macOS.
at Tests.HomePageTest.setUp(HomePageTest.java:50)
at java.base/jdk.internal.reflect.DirectMethodHandleAccessor.invoke(DirectMethodHandleAccessor.java:103)
at java.base/java.lang.reflect.Method.invoke(Method.java:580)
at org.testng.internal.MethodInvocationHelper.invokeMethod(MethodInvocationHelper.java:133)
at org.testng.internal.MethodInvocationHelper.invokeMethodConsideringTimeout(MethodInvocationHelper.java:62)
at org.testng.internal.ConfigInvoker.invokeConfigurationMethod(ConfigInvoker.java:385)
at org.testng.internal.ConfigInvoker.invokeConfigurations(ConfigInvoker.java:321)
at org.testng.internal.TestMethodWorker.invokeBeforeClassMethods(TestMethodWorker.java:176)
at org.testng.internal.TestMethodWorker.run(TestMethodWorker.java:122)
at java.base/java.util.ArrayList.forEach(ArrayList.java:1596)
at org.testng.TestRunner.privateRun(TestRunner.java:794)
at org.testng.TestRunner.run(TestRunner.java:596)
at org.testng.SuiteRunner.runTest(SuiteRunner.java:377)
at org.testng.SuiteRunner.runSequentially(SuiteRunner.java:371)
at org.testng.SuiteRunner.privateRun(SuiteRunner.java:332)
at org.testng.SuiteRunner.run(SuiteRunner.java:276)
at org.testng.SuiteRunnerWorker.runSuite(SuiteRunnerWorker.java:53)
at org.testng.SuiteRunnerWorker.run(SuiteRunnerWorker.java:96)
at org.testng.TestNG.runSuitesSequentially(TestNG.java:1212)
at org.testng.TestNG.runSuitesLocally(TestNG.java:1134)
at org.testng.TestNG.runSuites(TestNG.java:1063)
at org.testng.TestNG.run(TestNG.java:1031)
at org.testng.remote.AbstractRemoteTestNG.run(AbstractRemoteTestNG.java:115)
at org.testng.remote.RemoteTestNG.initAndRun(RemoteTestNG.java:293)
at org.testng.remote.RemoteTestNG.main(RemoteTestNG.java:91)
]]>
            </full-stacktrace>
          </exception> <!-- java.lang.IllegalArgumentException -->
          <reporter-output>
          </reporter-output>
        </test-method> <!-- capturethirdPageScreenshot -->
        <test-method signature="capturethirdPageScreenshot(int,int)[pri:0, instance:Tests.HomePageTest@411f53a0]" started-at="2024-06-21T16:18:02 IST" name="capturethirdPageScreenshot" data-provider="resolutions" finished-at="2024-06-21T16:18:02 IST" duration-ms="0" status="SKIP">
          <params>
            <param index="0">
              <value>
                <![CDATA[1536]]>
              </value>
            </param>
            <param index="1">
              <value>
                <![CDATA[864]]>
              </value>
            </param>
          </params>
          <exception class="java.lang.IllegalArgumentException">
            <message>
              <![CDATA[Safari is only supported on macOS.]]>
            </message>
            <full-stacktrace>
              <![CDATA[java.lang.IllegalArgumentException: Safari is only supported on macOS.
at Tests.HomePageTest.setUp(HomePageTest.java:50)
at java.base/jdk.internal.reflect.DirectMethodHandleAccessor.invoke(DirectMethodHandleAccessor.java:103)
at java.base/java.lang.reflect.Method.invoke(Method.java:580)
at org.testng.internal.MethodInvocationHelper.invokeMethod(MethodInvocationHelper.java:133)
at org.testng.internal.MethodInvocationHelper.invokeMethodConsideringTimeout(MethodInvocationHelper.java:62)
at org.testng.internal.ConfigInvoker.invokeConfigurationMethod(ConfigInvoker.java:385)
at org.testng.internal.ConfigInvoker.invokeConfigurations(ConfigInvoker.java:321)
at org.testng.internal.TestMethodWorker.invokeBeforeClassMethods(TestMethodWorker.java:176)
at org.testng.internal.TestMethodWorker.run(TestMethodWorker.java:122)
at java.base/java.util.ArrayList.forEach(ArrayList.java:1596)
at org.testng.TestRunner.privateRun(TestRunner.java:794)
at org.testng.TestRunner.run(TestRunner.java:596)
at org.testng.SuiteRunner.runTest(SuiteRunner.java:377)
at org.testng.SuiteRunner.runSequentially(SuiteRunner.java:371)
at org.testng.SuiteRunner.privateRun(SuiteRunner.java:332)
at org.testng.SuiteRunner.run(SuiteRunner.java:276)
at org.testng.SuiteRunnerWorker.runSuite(SuiteRunnerWorker.java:53)
at org.testng.SuiteRunnerWorker.run(SuiteRunnerWorker.java:96)
at org.testng.TestNG.runSuitesSequentially(TestNG.java:1212)
at org.testng.TestNG.runSuitesLocally(TestNG.java:1134)
at org.testng.TestNG.runSuites(TestNG.java:1063)
at org.testng.TestNG.run(TestNG.java:1031)
at org.testng.remote.AbstractRemoteTestNG.run(AbstractRemoteTestNG.java:115)
at org.testng.remote.RemoteTestNG.initAndRun(RemoteTestNG.java:293)
at org.testng.remote.RemoteTestNG.main(RemoteTestNG.java:91)
]]>
            </full-stacktrace>
          </exception> <!-- java.lang.IllegalArgumentException -->
          <reporter-output>
          </reporter-output>
        </test-method> <!-- capturethirdPageScreenshot -->
        <test-method signature="capturethirdPageScreenshot(int,int)[pri:0, instance:Tests.HomePageTest@411f53a0]" started-at="2024-06-21T16:18:02 IST" name="capturethirdPageScreenshot" data-provider="resolutions" finished-at="2024-06-21T16:18:02 IST" duration-ms="0" status="SKIP">
          <params>
            <param index="0">
              <value>
                <![CDATA[360]]>
              </value>
            </param>
            <param index="1">
              <value>
                <![CDATA[640]]>
              </value>
            </param>
          </params>
          <exception class="java.lang.IllegalArgumentException">
            <message>
              <![CDATA[Safari is only supported on macOS.]]>
            </message>
            <full-stacktrace>
              <![CDATA[java.lang.IllegalArgumentException: Safari is only supported on macOS.
at Tests.HomePageTest.setUp(HomePageTest.java:50)
at java.base/jdk.internal.reflect.DirectMethodHandleAccessor.invoke(DirectMethodHandleAccessor.java:103)
at java.base/java.lang.reflect.Method.invoke(Method.java:580)
at org.testng.internal.MethodInvocationHelper.invokeMethod(MethodInvocationHelper.java:133)
at org.testng.internal.MethodInvocationHelper.invokeMethodConsideringTimeout(MethodInvocationHelper.java:62)
at org.testng.internal.ConfigInvoker.invokeConfigurationMethod(ConfigInvoker.java:385)
at org.testng.internal.ConfigInvoker.invokeConfigurations(ConfigInvoker.java:321)
at org.testng.internal.TestMethodWorker.invokeBeforeClassMethods(TestMethodWorker.java:176)
at org.testng.internal.TestMethodWorker.run(TestMethodWorker.java:122)
at java.base/java.util.ArrayList.forEach(ArrayList.java:1596)
at org.testng.TestRunner.privateRun(TestRunner.java:794)
at org.testng.TestRunner.run(TestRunner.java:596)
at org.testng.SuiteRunner.runTest(SuiteRunner.java:377)
at org.testng.SuiteRunner.runSequentially(SuiteRunner.java:371)
at org.testng.SuiteRunner.privateRun(SuiteRunner.java:332)
at org.testng.SuiteRunner.run(SuiteRunner.java:276)
at org.testng.SuiteRunnerWorker.runSuite(SuiteRunnerWorker.java:53)
at org.testng.SuiteRunnerWorker.run(SuiteRunnerWorker.java:96)
at org.testng.TestNG.runSuitesSequentially(TestNG.java:1212)
at org.testng.TestNG.runSuitesLocally(TestNG.java:1134)
at org.testng.TestNG.runSuites(TestNG.java:1063)
at org.testng.TestNG.run(TestNG.java:1031)
at org.testng.remote.AbstractRemoteTestNG.run(AbstractRemoteTestNG.java:115)
at org.testng.remote.RemoteTestNG.initAndRun(RemoteTestNG.java:293)
at org.testng.remote.RemoteTestNG.main(RemoteTestNG.java:91)
]]>
            </full-stacktrace>
          </exception> <!-- java.lang.IllegalArgumentException -->
          <reporter-output>
          </reporter-output>
        </test-method> <!-- capturethirdPageScreenshot -->
        <test-method signature="capturethirdPageScreenshot(int,int)[pri:0, instance:Tests.HomePageTest@411f53a0]" started-at="2024-06-21T16:18:02 IST" name="capturethirdPageScreenshot" data-provider="resolutions" finished-at="2024-06-21T16:18:02 IST" duration-ms="0" status="SKIP">
          <params>
            <param index="0">
              <value>
                <![CDATA[414]]>
              </value>
            </param>
            <param index="1">
              <value>
                <![CDATA[896]]>
              </value>
            </param>
          </params>
          <exception class="java.lang.IllegalArgumentException">
            <message>
              <![CDATA[Safari is only supported on macOS.]]>
            </message>
            <full-stacktrace>
              <![CDATA[java.lang.IllegalArgumentException: Safari is only supported on macOS.
at Tests.HomePageTest.setUp(HomePageTest.java:50)
at java.base/jdk.internal.reflect.DirectMethodHandleAccessor.invoke(DirectMethodHandleAccessor.java:103)
at java.base/java.lang.reflect.Method.invoke(Method.java:580)
at org.testng.internal.MethodInvocationHelper.invokeMethod(MethodInvocationHelper.java:133)
at org.testng.internal.MethodInvocationHelper.invokeMethodConsideringTimeout(MethodInvocationHelper.java:62)
at org.testng.internal.ConfigInvoker.invokeConfigurationMethod(ConfigInvoker.java:385)
at org.testng.internal.ConfigInvoker.invokeConfigurations(ConfigInvoker.java:321)
at org.testng.internal.TestMethodWorker.invokeBeforeClassMethods(TestMethodWorker.java:176)
at org.testng.internal.TestMethodWorker.run(TestMethodWorker.java:122)
at java.base/java.util.ArrayList.forEach(ArrayList.java:1596)
at org.testng.TestRunner.privateRun(TestRunner.java:794)
at org.testng.TestRunner.run(TestRunner.java:596)
at org.testng.SuiteRunner.runTest(SuiteRunner.java:377)
at org.testng.SuiteRunner.runSequentially(SuiteRunner.java:371)
at org.testng.SuiteRunner.privateRun(SuiteRunner.java:332)
at org.testng.SuiteRunner.run(SuiteRunner.java:276)
at org.testng.SuiteRunnerWorker.runSuite(SuiteRunnerWorker.java:53)
at org.testng.SuiteRunnerWorker.run(SuiteRunnerWorker.java:96)
at org.testng.TestNG.runSuitesSequentially(TestNG.java:1212)
at org.testng.TestNG.runSuitesLocally(TestNG.java:1134)
at org.testng.TestNG.runSuites(TestNG.java:1063)
at org.testng.TestNG.run(TestNG.java:1031)
at org.testng.remote.AbstractRemoteTestNG.run(AbstractRemoteTestNG.java:115)
at org.testng.remote.RemoteTestNG.initAndRun(RemoteTestNG.java:293)
at org.testng.remote.RemoteTestNG.main(RemoteTestNG.java:91)
]]>
            </full-stacktrace>
          </exception> <!-- java.lang.IllegalArgumentException -->
          <reporter-output>
          </reporter-output>
        </test-method> <!-- capturethirdPageScreenshot -->
        <test-method signature="capturethirdPageScreenshot(int,int)[pri:0, instance:Tests.HomePageTest@411f53a0]" started-at="2024-06-21T16:18:02 IST" name="capturethirdPageScreenshot" data-provider="resolutions" finished-at="2024-06-21T16:18:02 IST" duration-ms="0" status="SKIP">
          <params>
            <param index="0">
              <value>
                <![CDATA[375]]>
              </value>
            </param>
            <param index="1">
              <value>
                <![CDATA[667]]>
              </value>
            </param>
          </params>
          <exception class="java.lang.IllegalArgumentException">
            <message>
              <![CDATA[Safari is only supported on macOS.]]>
            </message>
            <full-stacktrace>
              <![CDATA[java.lang.IllegalArgumentException: Safari is only supported on macOS.
at Tests.HomePageTest.setUp(HomePageTest.java:50)
at java.base/jdk.internal.reflect.DirectMethodHandleAccessor.invoke(DirectMethodHandleAccessor.java:103)
at java.base/java.lang.reflect.Method.invoke(Method.java:580)
at org.testng.internal.MethodInvocationHelper.invokeMethod(MethodInvocationHelper.java:133)
at org.testng.internal.MethodInvocationHelper.invokeMethodConsideringTimeout(MethodInvocationHelper.java:62)
at org.testng.internal.ConfigInvoker.invokeConfigurationMethod(ConfigInvoker.java:385)
at org.testng.internal.ConfigInvoker.invokeConfigurations(ConfigInvoker.java:321)
at org.testng.internal.TestMethodWorker.invokeBeforeClassMethods(TestMethodWorker.java:176)
at org.testng.internal.TestMethodWorker.run(TestMethodWorker.java:122)
at java.base/java.util.ArrayList.forEach(ArrayList.java:1596)
at org.testng.TestRunner.privateRun(TestRunner.java:794)
at org.testng.TestRunner.run(TestRunner.java:596)
at org.testng.SuiteRunner.runTest(SuiteRunner.java:377)
at org.testng.SuiteRunner.runSequentially(SuiteRunner.java:371)
at org.testng.SuiteRunner.privateRun(SuiteRunner.java:332)
at org.testng.SuiteRunner.run(SuiteRunner.java:276)
at org.testng.SuiteRunnerWorker.runSuite(SuiteRunnerWorker.java:53)
at org.testng.SuiteRunnerWorker.run(SuiteRunnerWorker.java:96)
at org.testng.TestNG.runSuitesSequentially(TestNG.java:1212)
at org.testng.TestNG.runSuitesLocally(TestNG.java:1134)
at org.testng.TestNG.runSuites(TestNG.java:1063)
at org.testng.TestNG.run(TestNG.java:1031)
at org.testng.remote.AbstractRemoteTestNG.run(AbstractRemoteTestNG.java:115)
at org.testng.remote.RemoteTestNG.initAndRun(RemoteTestNG.java:293)
at org.testng.remote.RemoteTestNG.main(RemoteTestNG.java:91)
]]>
            </full-stacktrace>
          </exception> <!-- java.lang.IllegalArgumentException -->
          <reporter-output>
          </reporter-output>
        </test-method> <!-- capturethirdPageScreenshot -->
        <test-method is-config="true" signature="tearDown()[pri:0, instance:Tests.HomePageTest@411f53a0]" started-at="2024-06-21T16:18:02 IST" name="tearDown" finished-at="1970-01-01T05:30:00 IST" duration-ms="-1718966882593" status="SKIP">
          <reporter-output>
          </reporter-output>
        </test-method> <!-- tearDown -->
      </class> <!-- Tests.HomePageTest -->
    </test> <!-- Safari Tests -->
  </suite> <!-- Suite -->
</testng-results>
